CRITICAL - 2023-08-25 01:57:13 --> No connection could be made because the target machine actively refused it.

#0 C:\Portable\xampp7\htdocs\riomekahwisata_ci\system\Database\BaseConnection.php(377): CodeIgniter\Database\MySQLi\Connection->connect(false)
#1 C:\Portable\xampp7\htdocs\riomekahwisata_ci\system\Database\BaseConnection.php(643): CodeIgniter\Database\BaseConnection->initialize()
#2 C:\Portable\xampp7\htdocs\riomekahwisata_ci\system\Database\BaseBuilder.php(1845): CodeIgniter\Database\BaseConnection->query('SELECT *\nFROM `...', Array, false)
#3 C:\Portable\xampp7\htdocs\riomekahwisata_ci\system\Model.php(489): CodeIgniter\Database\BaseBuilder->get()
#4 C:\Portable\xampp7\htdocs\riomekahwisata_ci\app\Controllers\Perusahaan.php(49): CodeIgniter\Model->first()
#5 C:\Portable\xampp7\htdocs\riomekahwisata_ci\system\CodeIgniter.php(914): App\Controllers\Perusahaan->show('1')
#6 C:\Portable\xampp7\htdocs\riomekahwisata_ci\system\CodeIgniter.php(400): CodeIgniter\CodeIgniter->runController(Object(App\Controllers\Perusahaan))
#7 C:\Portable\xampp7\htdocs\riomekahwisata_ci\system\CodeIgniter.php(308): CodeIgniter\CodeIgniter->handleRequest(NULL, Object(Config\Cache), false)
#8 C:\Portable\xampp7\htdocs\riomekahwisata_ci\public\index.php(44): CodeIgniter\CodeIgniter->run()
#9 C:\Portable\xampp7\htdocs\riomekahwisata_ci\system\Commands\Server\rewrite.php(34): require_once('C:\\Portable\\xam...')
#10 {main}
CRITICAL - 2023-08-25 01:57:21 --> No connection could be made because the target machine actively refused it.

#0 C:\Portable\xampp7\htdocs\riomekahwisata_ci\system\Database\BaseConnection.php(377): CodeIgniter\Database\MySQLi\Connection->connect(false)
#1 C:\Portable\xampp7\htdocs\riomekahwisata_ci\system\Database\BaseConnection.php(643): CodeIgniter\Database\BaseConnection->initialize()
#2 C:\Portable\xampp7\htdocs\riomekahwisata_ci\system\Database\BaseBuilder.php(1845): CodeIgniter\Database\BaseConnection->query('SELECT *\nFROM `...', Array, false)
#3 C:\Portable\xampp7\htdocs\riomekahwisata_ci\system\Model.php(489): CodeIgniter\Database\BaseBuilder->get()
#4 C:\Portable\xampp7\htdocs\riomekahwisata_ci\app\Controllers\AuthController.php(34): CodeIgniter\Model->first()
#5 C:\Portable\xampp7\htdocs\riomekahwisata_ci\system\CodeIgniter.php(914): App\Controllers\AuthController->login()
#6 C:\Portable\xampp7\htdocs\riomekahwisata_ci\system\CodeIgniter.php(400): CodeIgniter\CodeIgniter->runController(Object(App\Controllers\AuthController))
#7 C:\Portable\xampp7\htdocs\riomekahwisata_ci\system\CodeIgniter.php(308): CodeIgniter\CodeIgniter->handleRequest(NULL, Object(Config\Cache), false)
#8 C:\Portable\xampp7\htdocs\riomekahwisata_ci\public\index.php(44): CodeIgniter\CodeIgniter->run()
#9 C:\Portable\xampp7\htdocs\riomekahwisata_ci\system\Commands\Server\rewrite.php(34): require_once('C:\\Portable\\xam...')
#10 {main}
CRITICAL - 2023-08-25 02:08:07 --> Table 'riomekahwisata.tbl_perusahaan' doesn't exist in engine
#0 C:\Portable\xampp7\htdocs\riomekahwisata_ci\system\Database\MySQLi\Connection.php(331): mysqli->query('SELECT *\nFROM `...')
#1 C:\Portable\xampp7\htdocs\riomekahwisata_ci\system\Database\BaseConnection.php(738): CodeIgniter\Database\MySQLi\Connection->execute('SELECT *\nFROM `...')
#2 C:\Portable\xampp7\htdocs\riomekahwisata_ci\system\Database\BaseConnection.php(666): CodeIgniter\Database\BaseConnection->simpleQuery('SELECT *\nFROM `...')
#3 C:\Portable\xampp7\htdocs\riomekahwisata_ci\system\Database\BaseBuilder.php(1845): CodeIgniter\Database\BaseConnection->query('SELECT *\nFROM `...', Array, false)
#4 C:\Portable\xampp7\htdocs\riomekahwisata_ci\system\Model.php(489): CodeIgniter\Database\BaseBuilder->get()
#5 C:\Portable\xampp7\htdocs\riomekahwisata_ci\app\Controllers\Perusahaan.php(49): CodeIgniter\Model->first()
#6 C:\Portable\xampp7\htdocs\riomekahwisata_ci\system\CodeIgniter.php(914): App\Controllers\Perusahaan->show('1')
#7 C:\Portable\xampp7\htdocs\riomekahwisata_ci\system\CodeIgniter.php(400): CodeIgniter\CodeIgniter->runController(Object(App\Controllers\Perusahaan))
#8 C:\Portable\xampp7\htdocs\riomekahwisata_ci\system\CodeIgniter.php(308): CodeIgniter\CodeIgniter->handleRequest(NULL, Object(Config\Cache), false)
#9 C:\Portable\xampp7\htdocs\riomekahwisata_ci\public\index.php(44): CodeIgniter\CodeIgniter->run()
#10 C:\Portable\xampp7\htdocs\riomekahwisata_ci\system\Commands\Server\rewrite.php(34): require_once('C:\\Portable\\xam...')
#11 {main}
CRITICAL - 2023-08-25 02:08:17 --> Table 'riomekahwisata.tbl_users' doesn't exist in engine
#0 C:\Portable\xampp7\htdocs\riomekahwisata_ci\system\Database\MySQLi\Connection.php(331): mysqli->query('SELECT *\nFROM `...')
#1 C:\Portable\xampp7\htdocs\riomekahwisata_ci\system\Database\BaseConnection.php(738): CodeIgniter\Database\MySQLi\Connection->execute('SELECT *\nFROM `...')
#2 C:\Portable\xampp7\htdocs\riomekahwisata_ci\system\Database\BaseConnection.php(666): CodeIgniter\Database\BaseConnection->simpleQuery('SELECT *\nFROM `...')
#3 C:\Portable\xampp7\htdocs\riomekahwisata_ci\system\Database\BaseBuilder.php(1845): CodeIgniter\Database\BaseConnection->query('SELECT *\nFROM `...', Array, false)
#4 C:\Portable\xampp7\htdocs\riomekahwisata_ci\system\Model.php(489): CodeIgniter\Database\BaseBuilder->get()
#5 C:\Portable\xampp7\htdocs\riomekahwisata_ci\app\Controllers\AuthController.php(34): CodeIgniter\Model->first()
#6 C:\Portable\xampp7\htdocs\riomekahwisata_ci\system\CodeIgniter.php(914): App\Controllers\AuthController->login()
#7 C:\Portable\xampp7\htdocs\riomekahwisata_ci\system\CodeIgniter.php(400): CodeIgniter\CodeIgniter->runController(Object(App\Controllers\AuthController))
#8 C:\Portable\xampp7\htdocs\riomekahwisata_ci\system\CodeIgniter.php(308): CodeIgniter\CodeIgniter->handleRequest(NULL, Object(Config\Cache), false)
#9 C:\Portable\xampp7\htdocs\riomekahwisata_ci\public\index.php(44): CodeIgniter\CodeIgniter->run()
#10 C:\Portable\xampp7\htdocs\riomekahwisata_ci\system\Commands\Server\rewrite.php(34): require_once('C:\\Portable\\xam...')
#11 {main}
CRITICAL - 2023-08-25 02:08:47 --> Table 'riomekahwisata.tbl_users' doesn't exist in engine
#0 C:\Portable\xampp7\htdocs\riomekahwisata_ci\system\Database\MySQLi\Connection.php(331): mysqli->query('SELECT *\nFROM `...')
#1 C:\Portable\xampp7\htdocs\riomekahwisata_ci\system\Database\BaseConnection.php(738): CodeIgniter\Database\MySQLi\Connection->execute('SELECT *\nFROM `...')
#2 C:\Portable\xampp7\htdocs\riomekahwisata_ci\system\Database\BaseConnection.php(666): CodeIgniter\Database\BaseConnection->simpleQuery('SELECT *\nFROM `...')
#3 C:\Portable\xampp7\htdocs\riomekahwisata_ci\system\Database\BaseBuilder.php(1845): CodeIgniter\Database\BaseConnection->query('SELECT *\nFROM `...', Array, false)
#4 C:\Portable\xampp7\htdocs\riomekahwisata_ci\system\Model.php(489): CodeIgniter\Database\BaseBuilder->get()
#5 C:\Portable\xampp7\htdocs\riomekahwisata_ci\app\Controllers\AuthController.php(34): CodeIgniter\Model->first()
#6 C:\Portable\xampp7\htdocs\riomekahwisata_ci\system\CodeIgniter.php(914): App\Controllers\AuthController->login()
#7 C:\Portable\xampp7\htdocs\riomekahwisata_ci\system\CodeIgniter.php(400): CodeIgniter\CodeIgniter->runController(Object(App\Controllers\AuthController))
#8 C:\Portable\xampp7\htdocs\riomekahwisata_ci\system\CodeIgniter.php(308): CodeIgniter\CodeIgniter->handleRequest(NULL, Object(Config\Cache), false)
#9 C:\Portable\xampp7\htdocs\riomekahwisata_ci\public\index.php(44): CodeIgniter\CodeIgniter->run()
#10 C:\Portable\xampp7\htdocs\riomekahwisata_ci\system\Commands\Server\rewrite.php(34): require_once('C:\\Portable\\xam...')
#11 {main}
CRITICAL - 2023-08-25 02:08:49 --> Table 'riomekahwisata.tbl_users' doesn't exist in engine
#0 C:\Portable\xampp7\htdocs\riomekahwisata_ci\system\Database\MySQLi\Connection.php(331): mysqli->query('SELECT *\nFROM `...')
#1 C:\Portable\xampp7\htdocs\riomekahwisata_ci\system\Database\BaseConnection.php(738): CodeIgniter\Database\MySQLi\Connection->execute('SELECT *\nFROM `...')
#2 C:\Portable\xampp7\htdocs\riomekahwisata_ci\system\Database\BaseConnection.php(666): CodeIgniter\Database\BaseConnection->simpleQuery('SELECT *\nFROM `...')
#3 C:\Portable\xampp7\htdocs\riomekahwisata_ci\system\Database\BaseBuilder.php(1845): CodeIgniter\Database\BaseConnection->query('SELECT *\nFROM `...', Array, false)
#4 C:\Portable\xampp7\htdocs\riomekahwisata_ci\system\Model.php(489): CodeIgniter\Database\BaseBuilder->get()
#5 C:\Portable\xampp7\htdocs\riomekahwisata_ci\app\Controllers\AuthController.php(34): CodeIgniter\Model->first()
#6 C:\Portable\xampp7\htdocs\riomekahwisata_ci\system\CodeIgniter.php(914): App\Controllers\AuthController->login()
#7 C:\Portable\xampp7\htdocs\riomekahwisata_ci\system\CodeIgniter.php(400): CodeIgniter\CodeIgniter->runController(Object(App\Controllers\AuthController))
#8 C:\Portable\xampp7\htdocs\riomekahwisata_ci\system\CodeIgniter.php(308): CodeIgniter\CodeIgniter->handleRequest(NULL, Object(Config\Cache), false)
#9 C:\Portable\xampp7\htdocs\riomekahwisata_ci\public\index.php(44): CodeIgniter\CodeIgniter->run()
#10 C:\Portable\xampp7\htdocs\riomekahwisata_ci\system\Commands\Server\rewrite.php(34): require_once('C:\\Portable\\xam...')
#11 {main}
CRITICAL - 2023-08-25 02:08:50 --> Table 'riomekahwisata.tbl_users' doesn't exist in engine
#0 C:\Portable\xampp7\htdocs\riomekahwisata_ci\system\Database\MySQLi\Connection.php(331): mysqli->query('SELECT *\nFROM `...')
#1 C:\Portable\xampp7\htdocs\riomekahwisata_ci\system\Database\BaseConnection.php(738): CodeIgniter\Database\MySQLi\Connection->execute('SELECT *\nFROM `...')
#2 C:\Portable\xampp7\htdocs\riomekahwisata_ci\system\Database\BaseConnection.php(666): CodeIgniter\Database\BaseConnection->simpleQuery('SELECT *\nFROM `...')
#3 C:\Portable\xampp7\htdocs\riomekahwisata_ci\system\Database\BaseBuilder.php(1845): CodeIgniter\Database\BaseConnection->query('SELECT *\nFROM `...', Array, false)
#4 C:\Portable\xampp7\htdocs\riomekahwisata_ci\system\Model.php(489): CodeIgniter\Database\BaseBuilder->get()
#5 C:\Portable\xampp7\htdocs\riomekahwisata_ci\app\Controllers\AuthController.php(34): CodeIgniter\Model->first()
#6 C:\Portable\xampp7\htdocs\riomekahwisata_ci\system\CodeIgniter.php(914): App\Controllers\AuthController->login()
#7 C:\Portable\xampp7\htdocs\riomekahwisata_ci\system\CodeIgniter.php(400): CodeIgniter\CodeIgniter->runController(Object(App\Controllers\AuthController))
#8 C:\Portable\xampp7\htdocs\riomekahwisata_ci\system\CodeIgniter.php(308): CodeIgniter\CodeIgniter->handleRequest(NULL, Object(Config\Cache), false)
#9 C:\Portable\xampp7\htdocs\riomekahwisata_ci\public\index.php(44): CodeIgniter\CodeIgniter->run()
#10 C:\Portable\xampp7\htdocs\riomekahwisata_ci\system\Commands\Server\rewrite.php(34): require_once('C:\\Portable\\xam...')
#11 {main}
CRITICAL - 2023-08-25 02:09:25 --> Table 'riomekahwisata.tbl_perusahaan' doesn't exist in engine
#0 C:\Portable\xampp7\htdocs\riomekahwisata_ci\system\Database\MySQLi\Connection.php(331): mysqli->query('SELECT *\nFROM `...')
#1 C:\Portable\xampp7\htdocs\riomekahwisata_ci\system\Database\BaseConnection.php(738): CodeIgniter\Database\MySQLi\Connection->execute('SELECT *\nFROM `...')
#2 C:\Portable\xampp7\htdocs\riomekahwisata_ci\system\Database\BaseConnection.php(666): CodeIgniter\Database\BaseConnection->simpleQuery('SELECT *\nFROM `...')
#3 C:\Portable\xampp7\htdocs\riomekahwisata_ci\system\Database\BaseBuilder.php(1845): CodeIgniter\Database\BaseConnection->query('SELECT *\nFROM `...', Array, false)
#4 C:\Portable\xampp7\htdocs\riomekahwisata_ci\system\Model.php(489): CodeIgniter\Database\BaseBuilder->get()
#5 C:\Portable\xampp7\htdocs\riomekahwisata_ci\app\Controllers\Perusahaan.php(49): CodeIgniter\Model->first()
#6 C:\Portable\xampp7\htdocs\riomekahwisata_ci\system\CodeIgniter.php(914): App\Controllers\Perusahaan->show('1')
#7 C:\Portable\xampp7\htdocs\riomekahwisata_ci\system\CodeIgniter.php(400): CodeIgniter\CodeIgniter->runController(Object(App\Controllers\Perusahaan))
#8 C:\Portable\xampp7\htdocs\riomekahwisata_ci\system\CodeIgniter.php(308): CodeIgniter\CodeIgniter->handleRequest(NULL, Object(Config\Cache), false)
#9 C:\Portable\xampp7\htdocs\riomekahwisata_ci\public\index.php(44): CodeIgniter\CodeIgniter->run()
#10 C:\Portable\xampp7\htdocs\riomekahwisata_ci\system\Commands\Server\rewrite.php(34): require_once('C:\\Portable\\xam...')
#11 {main}
CRITICAL - 2023-08-25 02:09:31 --> Table 'riomekahwisata.tbl_perusahaan' doesn't exist in engine
#0 C:\Portable\xampp7\htdocs\riomekahwisata_ci\system\Database\MySQLi\Connection.php(331): mysqli->query('SELECT *\nFROM `...')
#1 C:\Portable\xampp7\htdocs\riomekahwisata_ci\system\Database\BaseConnection.php(738): CodeIgniter\Database\MySQLi\Connection->execute('SELECT *\nFROM `...')
#2 C:\Portable\xampp7\htdocs\riomekahwisata_ci\system\Database\BaseConnection.php(666): CodeIgniter\Database\BaseConnection->simpleQuery('SELECT *\nFROM `...')
#3 C:\Portable\xampp7\htdocs\riomekahwisata_ci\system\Database\BaseBuilder.php(1845): CodeIgniter\Database\BaseConnection->query('SELECT *\nFROM `...', Array, false)
#4 C:\Portable\xampp7\htdocs\riomekahwisata_ci\system\Model.php(489): CodeIgniter\Database\BaseBuilder->get()
#5 C:\Portable\xampp7\htdocs\riomekahwisata_ci\app\Controllers\Perusahaan.php(49): CodeIgniter\Model->first()
#6 C:\Portable\xampp7\htdocs\riomekahwisata_ci\system\CodeIgniter.php(914): App\Controllers\Perusahaan->show('1')
#7 C:\Portable\xampp7\htdocs\riomekahwisata_ci\system\CodeIgniter.php(400): CodeIgniter\CodeIgniter->runController(Object(App\Controllers\Perusahaan))
#8 C:\Portable\xampp7\htdocs\riomekahwisata_ci\system\CodeIgniter.php(308): CodeIgniter\CodeIgniter->handleRequest(NULL, Object(Config\Cache), false)
#9 C:\Portable\xampp7\htdocs\riomekahwisata_ci\public\index.php(44): CodeIgniter\CodeIgniter->run()
#10 C:\Portable\xampp7\htdocs\riomekahwisata_ci\system\Commands\Server\rewrite.php(34): require_once('C:\\Portable\\xam...')
#11 {main}
CRITICAL - 2023-08-25 02:10:03 --> Table 'riomekahwisata.tbl_perusahaan' doesn't exist in engine
#0 C:\Portable\xampp7\htdocs\riomekahwisata_ci\system\Database\MySQLi\Connection.php(331): mysqli->query('SELECT *\nFROM `...')
#1 C:\Portable\xampp7\htdocs\riomekahwisata_ci\system\Database\BaseConnection.php(738): CodeIgniter\Database\MySQLi\Connection->execute('SELECT *\nFROM `...')
#2 C:\Portable\xampp7\htdocs\riomekahwisata_ci\system\Database\BaseConnection.php(666): CodeIgniter\Database\BaseConnection->simpleQuery('SELECT *\nFROM `...')
#3 C:\Portable\xampp7\htdocs\riomekahwisata_ci\system\Database\BaseBuilder.php(1845): CodeIgniter\Database\BaseConnection->query('SELECT *\nFROM `...', Array, false)
#4 C:\Portable\xampp7\htdocs\riomekahwisata_ci\system\Model.php(489): CodeIgniter\Database\BaseBuilder->get()
#5 C:\Portable\xampp7\htdocs\riomekahwisata_ci\app\Controllers\Perusahaan.php(49): CodeIgniter\Model->first()
#6 C:\Portable\xampp7\htdocs\riomekahwisata_ci\system\CodeIgniter.php(914): App\Controllers\Perusahaan->show('1')
#7 C:\Portable\xampp7\htdocs\riomekahwisata_ci\system\CodeIgniter.php(400): CodeIgniter\CodeIgniter->runController(Object(App\Controllers\Perusahaan))
#8 C:\Portable\xampp7\htdocs\riomekahwisata_ci\system\CodeIgniter.php(308): CodeIgniter\CodeIgniter->handleRequest(NULL, Object(Config\Cache), false)
#9 C:\Portable\xampp7\htdocs\riomekahwisata_ci\public\index.php(44): CodeIgniter\CodeIgniter->run()
#10 C:\Portable\xampp7\htdocs\riomekahwisata_ci\system\Commands\Server\rewrite.php(34): require_once('C:\\Portable\\xam...')
#11 {main}
CRITICAL - 2023-08-25 02:10:10 --> Table 'riomekahwisata.tbl_perusahaan' doesn't exist in engine
#0 C:\Portable\xampp7\htdocs\riomekahwisata_ci\system\Database\MySQLi\Connection.php(331): mysqli->query('SELECT *\nFROM `...')
#1 C:\Portable\xampp7\htdocs\riomekahwisata_ci\system\Database\BaseConnection.php(738): CodeIgniter\Database\MySQLi\Connection->execute('SELECT *\nFROM `...')
#2 C:\Portable\xampp7\htdocs\riomekahwisata_ci\system\Database\BaseConnection.php(666): CodeIgniter\Database\BaseConnection->simpleQuery('SELECT *\nFROM `...')
#3 C:\Portable\xampp7\htdocs\riomekahwisata_ci\system\Database\BaseBuilder.php(1845): CodeIgniter\Database\BaseConnection->query('SELECT *\nFROM `...', Array, false)
#4 C:\Portable\xampp7\htdocs\riomekahwisata_ci\system\Model.php(489): CodeIgniter\Database\BaseBuilder->get()
#5 C:\Portable\xampp7\htdocs\riomekahwisata_ci\app\Controllers\Perusahaan.php(49): CodeIgniter\Model->first()
#6 C:\Portable\xampp7\htdocs\riomekahwisata_ci\system\CodeIgniter.php(914): App\Controllers\Perusahaan->show('1')
#7 C:\Portable\xampp7\htdocs\riomekahwisata_ci\system\CodeIgniter.php(400): CodeIgniter\CodeIgniter->runController(Object(App\Controllers\Perusahaan))
#8 C:\Portable\xampp7\htdocs\riomekahwisata_ci\system\CodeIgniter.php(308): CodeIgniter\CodeIgniter->handleRequest(NULL, Object(Config\Cache), false)
#9 C:\Portable\xampp7\htdocs\riomekahwisata_ci\public\index.php(44): CodeIgniter\CodeIgniter->run()
#10 C:\Portable\xampp7\htdocs\riomekahwisata_ci\system\Commands\Server\rewrite.php(34): require_once('C:\\Portable\\xam...')
#11 {main}
CRITICAL - 2023-08-25 02:10:33 --> Unknown database 'riomekahwisata1'
#0 C:\Portable\xampp7\htdocs\riomekahwisata_ci\system\Database\BaseConnection.php(377): CodeIgniter\Database\MySQLi\Connection->connect(false)
#1 C:\Portable\xampp7\htdocs\riomekahwisata_ci\system\Database\BaseConnection.php(643): CodeIgniter\Database\BaseConnection->initialize()
#2 C:\Portable\xampp7\htdocs\riomekahwisata_ci\system\Database\BaseBuilder.php(1845): CodeIgniter\Database\BaseConnection->query('SELECT *\nFROM `...', Array, false)
#3 C:\Portable\xampp7\htdocs\riomekahwisata_ci\system\Model.php(489): CodeIgniter\Database\BaseBuilder->get()
#4 C:\Portable\xampp7\htdocs\riomekahwisata_ci\app\Controllers\Perusahaan.php(49): CodeIgniter\Model->first()
#5 C:\Portable\xampp7\htdocs\riomekahwisata_ci\system\CodeIgniter.php(914): App\Controllers\Perusahaan->show('1')
#6 C:\Portable\xampp7\htdocs\riomekahwisata_ci\system\CodeIgniter.php(400): CodeIgniter\CodeIgniter->runController(Object(App\Controllers\Perusahaan))
#7 C:\Portable\xampp7\htdocs\riomekahwisata_ci\system\CodeIgniter.php(308): CodeIgniter\CodeIgniter->handleRequest(NULL, Object(Config\Cache), false)
#8 C:\Portable\xampp7\htdocs\riomekahwisata_ci\public\index.php(44): CodeIgniter\CodeIgniter->run()
#9 C:\Portable\xampp7\htdocs\riomekahwisata_ci\system\Commands\Server\rewrite.php(34): require_once('C:\\Portable\\xam...')
#10 {main}
CRITICAL - 2023-08-25 02:10:35 --> Unknown database 'riomekahwisata1'
#0 C:\Portable\xampp7\htdocs\riomekahwisata_ci\system\Database\BaseConnection.php(377): CodeIgniter\Database\MySQLi\Connection->connect(false)
#1 C:\Portable\xampp7\htdocs\riomekahwisata_ci\system\Database\BaseConnection.php(643): CodeIgniter\Database\BaseConnection->initialize()
#2 C:\Portable\xampp7\htdocs\riomekahwisata_ci\system\Database\BaseBuilder.php(1845): CodeIgniter\Database\BaseConnection->query('SELECT *\nFROM `...', Array, false)
#3 C:\Portable\xampp7\htdocs\riomekahwisata_ci\system\Model.php(489): CodeIgniter\Database\BaseBuilder->get()
#4 C:\Portable\xampp7\htdocs\riomekahwisata_ci\app\Controllers\Perusahaan.php(49): CodeIgniter\Model->first()
#5 C:\Portable\xampp7\htdocs\riomekahwisata_ci\system\CodeIgniter.php(914): App\Controllers\Perusahaan->show('1')
#6 C:\Portable\xampp7\htdocs\riomekahwisata_ci\system\CodeIgniter.php(400): CodeIgniter\CodeIgniter->runController(Object(App\Controllers\Perusahaan))
#7 C:\Portable\xampp7\htdocs\riomekahwisata_ci\system\CodeIgniter.php(308): CodeIgniter\CodeIgniter->handleRequest(NULL, Object(Config\Cache), false)
#8 C:\Portable\xampp7\htdocs\riomekahwisata_ci\public\index.php(44): CodeIgniter\CodeIgniter->run()
#9 C:\Portable\xampp7\htdocs\riomekahwisata_ci\system\Commands\Server\rewrite.php(34): require_once('C:\\Portable\\xam...')
#10 {main}
CRITICAL - 2023-08-25 02:10:42 --> Table 'riomekahwisata.tbl_perusahaan' doesn't exist in engine
#0 C:\Portable\xampp7\htdocs\riomekahwisata_ci\system\Database\MySQLi\Connection.php(331): mysqli->query('SELECT *\nFROM `...')
#1 C:\Portable\xampp7\htdocs\riomekahwisata_ci\system\Database\BaseConnection.php(738): CodeIgniter\Database\MySQLi\Connection->execute('SELECT *\nFROM `...')
#2 C:\Portable\xampp7\htdocs\riomekahwisata_ci\system\Database\BaseConnection.php(666): CodeIgniter\Database\BaseConnection->simpleQuery('SELECT *\nFROM `...')
#3 C:\Portable\xampp7\htdocs\riomekahwisata_ci\system\Database\BaseBuilder.php(1845): CodeIgniter\Database\BaseConnection->query('SELECT *\nFROM `...', Array, false)
#4 C:\Portable\xampp7\htdocs\riomekahwisata_ci\system\Model.php(489): CodeIgniter\Database\BaseBuilder->get()
#5 C:\Portable\xampp7\htdocs\riomekahwisata_ci\app\Controllers\Perusahaan.php(49): CodeIgniter\Model->first()
#6 C:\Portable\xampp7\htdocs\riomekahwisata_ci\system\CodeIgniter.php(914): App\Controllers\Perusahaan->show('1')
#7 C:\Portable\xampp7\htdocs\riomekahwisata_ci\system\CodeIgniter.php(400): CodeIgniter\CodeIgniter->runController(Object(App\Controllers\Perusahaan))
#8 C:\Portable\xampp7\htdocs\riomekahwisata_ci\system\CodeIgniter.php(308): CodeIgniter\CodeIgniter->handleRequest(NULL, Object(Config\Cache), false)
#9 C:\Portable\xampp7\htdocs\riomekahwisata_ci\public\index.php(44): CodeIgniter\CodeIgniter->run()
#10 C:\Portable\xampp7\htdocs\riomekahwisata_ci\system\Commands\Server\rewrite.php(34): require_once('C:\\Portable\\xam...')
#11 {main}
CRITICAL - 2023-08-25 02:11:14 --> Table 'riomekahwisata.tbl_perusahaan' doesn't exist in engine
#0 C:\Portable\xampp7\htdocs\riomekahwisata_ci\system\Database\MySQLi\Connection.php(331): mysqli->query('SELECT *\nFROM `...')
#1 C:\Portable\xampp7\htdocs\riomekahwisata_ci\system\Database\BaseConnection.php(738): CodeIgniter\Database\MySQLi\Connection->execute('SELECT *\nFROM `...')
#2 C:\Portable\xampp7\htdocs\riomekahwisata_ci\system\Database\BaseConnection.php(666): CodeIgniter\Database\BaseConnection->simpleQuery('SELECT *\nFROM `...')
#3 C:\Portable\xampp7\htdocs\riomekahwisata_ci\system\Database\BaseBuilder.php(1845): CodeIgniter\Database\BaseConnection->query('SELECT *\nFROM `...', Array, false)
#4 C:\Portable\xampp7\htdocs\riomekahwisata_ci\system\Model.php(489): CodeIgniter\Database\BaseBuilder->get()
#5 C:\Portable\xampp7\htdocs\riomekahwisata_ci\app\Controllers\Perusahaan.php(49): CodeIgniter\Model->first()
#6 C:\Portable\xampp7\htdocs\riomekahwisata_ci\system\CodeIgniter.php(914): App\Controllers\Perusahaan->show('1')
#7 C:\Portable\xampp7\htdocs\riomekahwisata_ci\system\CodeIgniter.php(400): CodeIgniter\CodeIgniter->runController(Object(App\Controllers\Perusahaan))
#8 C:\Portable\xampp7\htdocs\riomekahwisata_ci\system\CodeIgniter.php(308): CodeIgniter\CodeIgniter->handleRequest(NULL, Object(Config\Cache), false)
#9 C:\Portable\xampp7\htdocs\riomekahwisata_ci\public\index.php(44): CodeIgniter\CodeIgniter->run()
#10 C:\Portable\xampp7\htdocs\riomekahwisata_ci\system\Commands\Server\rewrite.php(34): require_once('C:\\Portable\\xam...')
#11 {main}
CRITICAL - 2023-08-25 02:11:16 --> Table 'riomekahwisata.tbl_perusahaan' doesn't exist in engine
#0 C:\Portable\xampp7\htdocs\riomekahwisata_ci\system\Database\MySQLi\Connection.php(331): mysqli->query('SELECT *\nFROM `...')
#1 C:\Portable\xampp7\htdocs\riomekahwisata_ci\system\Database\BaseConnection.php(738): CodeIgniter\Database\MySQLi\Connection->execute('SELECT *\nFROM `...')
#2 C:\Portable\xampp7\htdocs\riomekahwisata_ci\system\Database\BaseConnection.php(666): CodeIgniter\Database\BaseConnection->simpleQuery('SELECT *\nFROM `...')
#3 C:\Portable\xampp7\htdocs\riomekahwisata_ci\system\Database\BaseBuilder.php(1845): CodeIgniter\Database\BaseConnection->query('SELECT *\nFROM `...', Array, false)
#4 C:\Portable\xampp7\htdocs\riomekahwisata_ci\system\Model.php(489): CodeIgniter\Database\BaseBuilder->get()
#5 C:\Portable\xampp7\htdocs\riomekahwisata_ci\app\Controllers\Perusahaan.php(49): CodeIgniter\Model->first()
#6 C:\Portable\xampp7\htdocs\riomekahwisata_ci\system\CodeIgniter.php(914): App\Controllers\Perusahaan->show('1')
#7 C:\Portable\xampp7\htdocs\riomekahwisata_ci\system\CodeIgniter.php(400): CodeIgniter\CodeIgniter->runController(Object(App\Controllers\Perusahaan))
#8 C:\Portable\xampp7\htdocs\riomekahwisata_ci\system\CodeIgniter.php(308): CodeIgniter\CodeIgniter->handleRequest(NULL, Object(Config\Cache), false)
#9 C:\Portable\xampp7\htdocs\riomekahwisata_ci\public\index.php(44): CodeIgniter\CodeIgniter->run()
#10 C:\Portable\xampp7\htdocs\riomekahwisata_ci\system\Commands\Server\rewrite.php(34): require_once('C:\\Portable\\xam...')
#11 {main}
CRITICAL - 2023-08-25 02:16:23 --> Table 'riomekahwisata.tbl_perusahaan' doesn't exist in engine
#0 C:\Portable\xampp7\htdocs\riomekahwisata_ci\system\Database\MySQLi\Connection.php(331): mysqli->query('SELECT *\nFROM `...')
#1 C:\Portable\xampp7\htdocs\riomekahwisata_ci\system\Database\BaseConnection.php(738): CodeIgniter\Database\MySQLi\Connection->execute('SELECT *\nFROM `...')
#2 C:\Portable\xampp7\htdocs\riomekahwisata_ci\system\Database\BaseConnection.php(666): CodeIgniter\Database\BaseConnection->simpleQuery('SELECT *\nFROM `...')
#3 C:\Portable\xampp7\htdocs\riomekahwisata_ci\system\Database\BaseBuilder.php(1845): CodeIgniter\Database\BaseConnection->query('SELECT *\nFROM `...', Array, false)
#4 C:\Portable\xampp7\htdocs\riomekahwisata_ci\system\Model.php(489): CodeIgniter\Database\BaseBuilder->get()
#5 C:\Portable\xampp7\htdocs\riomekahwisata_ci\app\Controllers\Perusahaan.php(49): CodeIgniter\Model->first()
#6 C:\Portable\xampp7\htdocs\riomekahwisata_ci\system\CodeIgniter.php(914): App\Controllers\Perusahaan->show('1')
#7 C:\Portable\xampp7\htdocs\riomekahwisata_ci\system\CodeIgniter.php(400): CodeIgniter\CodeIgniter->runController(Object(App\Controllers\Perusahaan))
#8 C:\Portable\xampp7\htdocs\riomekahwisata_ci\system\CodeIgniter.php(308): CodeIgniter\CodeIgniter->handleRequest(NULL, Object(Config\Cache), false)
#9 C:\Portable\xampp7\htdocs\riomekahwisata_ci\public\index.php(44): CodeIgniter\CodeIgniter->run()
#10 C:\Portable\xampp7\htdocs\riomekahwisata_ci\system\Commands\Server\rewrite.php(34): require_once('C:\\Portable\\xam...')
#11 {main}
CRITICAL - 2023-08-25 02:17:31 --> Table 'riomekahwisata.tbl_perusahaan' doesn't exist in engine
#0 C:\Portable\xampp7\htdocs\riomekahwisata_ci\system\Database\MySQLi\Connection.php(331): mysqli->query('SELECT *\nFROM `...')
#1 C:\Portable\xampp7\htdocs\riomekahwisata_ci\system\Database\BaseConnection.php(738): CodeIgniter\Database\MySQLi\Connection->execute('SELECT *\nFROM `...')
#2 C:\Portable\xampp7\htdocs\riomekahwisata_ci\system\Database\BaseConnection.php(666): CodeIgniter\Database\BaseConnection->simpleQuery('SELECT *\nFROM `...')
#3 C:\Portable\xampp7\htdocs\riomekahwisata_ci\system\Database\BaseBuilder.php(1845): CodeIgniter\Database\BaseConnection->query('SELECT *\nFROM `...', Array, false)
#4 C:\Portable\xampp7\htdocs\riomekahwisata_ci\system\Model.php(489): CodeIgniter\Database\BaseBuilder->get()
#5 C:\Portable\xampp7\htdocs\riomekahwisata_ci\app\Controllers\Perusahaan.php(49): CodeIgniter\Model->first()
#6 C:\Portable\xampp7\htdocs\riomekahwisata_ci\system\CodeIgniter.php(914): App\Controllers\Perusahaan->show('1')
#7 C:\Portable\xampp7\htdocs\riomekahwisata_ci\system\CodeIgniter.php(400): CodeIgniter\CodeIgniter->runController(Object(App\Controllers\Perusahaan))
#8 C:\Portable\xampp7\htdocs\riomekahwisata_ci\system\CodeIgniter.php(308): CodeIgniter\CodeIgniter->handleRequest(NULL, Object(Config\Cache), false)
#9 C:\Portable\xampp7\htdocs\riomekahwisata_ci\public\index.php(44): CodeIgniter\CodeIgniter->run()
#10 C:\Portable\xampp7\htdocs\riomekahwisata_ci\system\Commands\Server\rewrite.php(34): require_once('C:\\Portable\\xam...')
#11 {main}
CRITICAL - 2023-08-25 02:20:18 --> No connection could be made because the target machine actively refused it.

#0 C:\Portable\xampp7\htdocs\riomekahwisata_ci\system\Database\BaseConnection.php(377): CodeIgniter\Database\MySQLi\Connection->connect(false)
#1 C:\Portable\xampp7\htdocs\riomekahwisata_ci\system\Database\BaseConnection.php(643): CodeIgniter\Database\BaseConnection->initialize()
#2 C:\Portable\xampp7\htdocs\riomekahwisata_ci\system\Database\BaseBuilder.php(1845): CodeIgniter\Database\BaseConnection->query('SELECT *\nFROM `...', Array, false)
#3 C:\Portable\xampp7\htdocs\riomekahwisata_ci\system\Model.php(489): CodeIgniter\Database\BaseBuilder->get()
#4 C:\Portable\xampp7\htdocs\riomekahwisata_ci\app\Controllers\Perusahaan.php(49): CodeIgniter\Model->first()
#5 C:\Portable\xampp7\htdocs\riomekahwisata_ci\system\CodeIgniter.php(914): App\Controllers\Perusahaan->show('1')
#6 C:\Portable\xampp7\htdocs\riomekahwisata_ci\system\CodeIgniter.php(400): CodeIgniter\CodeIgniter->runController(Object(App\Controllers\Perusahaan))
#7 C:\Portable\xampp7\htdocs\riomekahwisata_ci\system\CodeIgniter.php(308): CodeIgniter\CodeIgniter->handleRequest(NULL, Object(Config\Cache), false)
#8 C:\Portable\xampp7\htdocs\riomekahwisata_ci\public\index.php(44): CodeIgniter\CodeIgniter->run()
#9 C:\Portable\xampp7\htdocs\riomekahwisata_ci\system\Commands\Server\rewrite.php(34): require_once('C:\\Portable\\xam...')
#10 {main}
CRITICAL - 2023-08-25 02:21:09 --> No connection could be made because the target machine actively refused it.

#0 C:\Portable\xampp7\htdocs\riomekahwisata_ci\system\Database\BaseConnection.php(377): CodeIgniter\Database\MySQLi\Connection->connect(false)
#1 C:\Portable\xampp7\htdocs\riomekahwisata_ci\system\Database\BaseConnection.php(643): CodeIgniter\Database\BaseConnection->initialize()
#2 C:\Portable\xampp7\htdocs\riomekahwisata_ci\system\Database\BaseBuilder.php(1845): CodeIgniter\Database\BaseConnection->query('SELECT *\nFROM `...', Array, false)
#3 C:\Portable\xampp7\htdocs\riomekahwisata_ci\system\Model.php(489): CodeIgniter\Database\BaseBuilder->get()
#4 C:\Portable\xampp7\htdocs\riomekahwisata_ci\app\Controllers\Perusahaan.php(49): CodeIgniter\Model->first()
#5 C:\Portable\xampp7\htdocs\riomekahwisata_ci\system\CodeIgniter.php(914): App\Controllers\Perusahaan->show('1')
#6 C:\Portable\xampp7\htdocs\riomekahwisata_ci\system\CodeIgniter.php(400): CodeIgniter\CodeIgniter->runController(Object(App\Controllers\Perusahaan))
#7 C:\Portable\xampp7\htdocs\riomekahwisata_ci\system\CodeIgniter.php(308): CodeIgniter\CodeIgniter->handleRequest(NULL, Object(Config\Cache), false)
#8 C:\Portable\xampp7\htdocs\riomekahwisata_ci\public\index.php(44): CodeIgniter\CodeIgniter->run()
#9 C:\Portable\xampp7\htdocs\riomekahwisata_ci\system\Commands\Server\rewrite.php(34): require_once('C:\\Portable\\xam...')
#10 {main}
CRITICAL - 2023-08-25 02:21:34 --> MySQL server has gone away
#0 C:\Portable\xampp7\htdocs\riomekahwisata_ci\system\Database\BaseConnection.php(377): CodeIgniter\Database\MySQLi\Connection->connect(false)
#1 C:\Portable\xampp7\htdocs\riomekahwisata_ci\system\Database\BaseConnection.php(643): CodeIgniter\Database\BaseConnection->initialize()
#2 C:\Portable\xampp7\htdocs\riomekahwisata_ci\system\Database\BaseBuilder.php(1845): CodeIgniter\Database\BaseConnection->query('SELECT *\nFROM `...', Array, false)
#3 C:\Portable\xampp7\htdocs\riomekahwisata_ci\system\Model.php(489): CodeIgniter\Database\BaseBuilder->get()
#4 C:\Portable\xampp7\htdocs\riomekahwisata_ci\app\Controllers\Perusahaan.php(49): CodeIgniter\Model->first()
#5 C:\Portable\xampp7\htdocs\riomekahwisata_ci\system\CodeIgniter.php(914): App\Controllers\Perusahaan->show('1')
#6 C:\Portable\xampp7\htdocs\riomekahwisata_ci\system\CodeIgniter.php(400): CodeIgniter\CodeIgniter->runController(Object(App\Controllers\Perusahaan))
#7 C:\Portable\xampp7\htdocs\riomekahwisata_ci\system\CodeIgniter.php(308): CodeIgniter\CodeIgniter->handleRequest(NULL, Object(Config\Cache), false)
#8 C:\Portable\xampp7\htdocs\riomekahwisata_ci\public\index.php(44): CodeIgniter\CodeIgniter->run()
#9 C:\Portable\xampp7\htdocs\riomekahwisata_ci\system\Commands\Server\rewrite.php(34): require_once('C:\\Portable\\xam...')
#10 {main}
CRITICAL - 2023-08-25 02:21:39 --> No connection could be made because the target machine actively refused it.

#0 C:\Portable\xampp7\htdocs\riomekahwisata_ci\system\Database\BaseConnection.php(377): CodeIgniter\Database\MySQLi\Connection->connect(false)
#1 C:\Portable\xampp7\htdocs\riomekahwisata_ci\system\Database\BaseConnection.php(643): CodeIgniter\Database\BaseConnection->initialize()
#2 C:\Portable\xampp7\htdocs\riomekahwisata_ci\system\Database\BaseBuilder.php(1845): CodeIgniter\Database\BaseConnection->query('SELECT *\nFROM `...', Array, false)
#3 C:\Portable\xampp7\htdocs\riomekahwisata_ci\system\Model.php(489): CodeIgniter\Database\BaseBuilder->get()
#4 C:\Portable\xampp7\htdocs\riomekahwisata_ci\app\Controllers\Perusahaan.php(49): CodeIgniter\Model->first()
#5 C:\Portable\xampp7\htdocs\riomekahwisata_ci\system\CodeIgniter.php(914): App\Controllers\Perusahaan->show('1')
#6 C:\Portable\xampp7\htdocs\riomekahwisata_ci\system\CodeIgniter.php(400): CodeIgniter\CodeIgniter->runController(Object(App\Controllers\Perusahaan))
#7 C:\Portable\xampp7\htdocs\riomekahwisata_ci\system\CodeIgniter.php(308): CodeIgniter\CodeIgniter->handleRequest(NULL, Object(Config\Cache), false)
#8 C:\Portable\xampp7\htdocs\riomekahwisata_ci\public\index.php(44): CodeIgniter\CodeIgniter->run()
#9 C:\Portable\xampp7\htdocs\riomekahwisata_ci\system\Commands\Server\rewrite.php(34): require_once('C:\\Portable\\xam...')
#10 {main}
CRITICAL - 2023-08-25 02:22:30 --> No connection could be made because the target machine actively refused it.

#0 C:\Portable\xampp7\htdocs\riomekahwisata_ci\system\Database\BaseConnection.php(377): CodeIgniter\Database\MySQLi\Connection->connect(false)
#1 C:\Portable\xampp7\htdocs\riomekahwisata_ci\system\Database\BaseConnection.php(643): CodeIgniter\Database\BaseConnection->initialize()
#2 C:\Portable\xampp7\htdocs\riomekahwisata_ci\system\Database\BaseBuilder.php(1845): CodeIgniter\Database\BaseConnection->query('SELECT *\nFROM `...', Array, false)
#3 C:\Portable\xampp7\htdocs\riomekahwisata_ci\system\Model.php(489): CodeIgniter\Database\BaseBuilder->get()
#4 C:\Portable\xampp7\htdocs\riomekahwisata_ci\app\Controllers\Perusahaan.php(49): CodeIgniter\Model->first()
#5 C:\Portable\xampp7\htdocs\riomekahwisata_ci\system\CodeIgniter.php(914): App\Controllers\Perusahaan->show('1')
#6 C:\Portable\xampp7\htdocs\riomekahwisata_ci\system\CodeIgniter.php(400): CodeIgniter\CodeIgniter->runController(Object(App\Controllers\Perusahaan))
#7 C:\Portable\xampp7\htdocs\riomekahwisata_ci\system\CodeIgniter.php(308): CodeIgniter\CodeIgniter->handleRequest(NULL, Object(Config\Cache), false)
#8 C:\Portable\xampp7\htdocs\riomekahwisata_ci\public\index.php(44): CodeIgniter\CodeIgniter->run()
#9 C:\Portable\xampp7\htdocs\riomekahwisata_ci\system\Commands\Server\rewrite.php(34): require_once('C:\\Portable\\xam...')
#10 {main}
CRITICAL - 2023-08-25 02:37:31 --> Unknown database 'riomekahwisata'
#0 C:\Portable\xampp7\htdocs\riomekahwisata_ci\system\Database\BaseConnection.php(377): CodeIgniter\Database\MySQLi\Connection->connect(false)
#1 C:\Portable\xampp7\htdocs\riomekahwisata_ci\system\Database\BaseConnection.php(643): CodeIgniter\Database\BaseConnection->initialize()
#2 C:\Portable\xampp7\htdocs\riomekahwisata_ci\system\Database\BaseBuilder.php(1845): CodeIgniter\Database\BaseConnection->query('SELECT *\nFROM `...', Array, false)
#3 C:\Portable\xampp7\htdocs\riomekahwisata_ci\system\Model.php(489): CodeIgniter\Database\BaseBuilder->get()
#4 C:\Portable\xampp7\htdocs\riomekahwisata_ci\app\Controllers\Perusahaan.php(49): CodeIgniter\Model->first()
#5 C:\Portable\xampp7\htdocs\riomekahwisata_ci\system\CodeIgniter.php(914): App\Controllers\Perusahaan->show('1')
#6 C:\Portable\xampp7\htdocs\riomekahwisata_ci\system\CodeIgniter.php(400): CodeIgniter\CodeIgniter->runController(Object(App\Controllers\Perusahaan))
#7 C:\Portable\xampp7\htdocs\riomekahwisata_ci\system\CodeIgniter.php(308): CodeIgniter\CodeIgniter->handleRequest(NULL, Object(Config\Cache), false)
#8 C:\Portable\xampp7\htdocs\riomekahwisata_ci\public\index.php(44): CodeIgniter\CodeIgniter->run()
#9 C:\Portable\xampp7\htdocs\riomekahwisata_ci\system\Commands\Server\rewrite.php(34): require_once('C:\\Portable\\xam...')
#10 {main}
CRITICAL - 2023-08-25 02:37:33 --> Unknown database 'riomekahwisata'
#0 C:\Portable\xampp7\htdocs\riomekahwisata_ci\system\Database\BaseConnection.php(377): CodeIgniter\Database\MySQLi\Connection->connect(false)
#1 C:\Portable\xampp7\htdocs\riomekahwisata_ci\system\Database\BaseConnection.php(643): CodeIgniter\Database\BaseConnection->initialize()
#2 C:\Portable\xampp7\htdocs\riomekahwisata_ci\system\Database\BaseBuilder.php(1845): CodeIgniter\Database\BaseConnection->query('SELECT *\nFROM `...', Array, false)
#3 C:\Portable\xampp7\htdocs\riomekahwisata_ci\system\Model.php(489): CodeIgniter\Database\BaseBuilder->get()
#4 C:\Portable\xampp7\htdocs\riomekahwisata_ci\app\Controllers\Perusahaan.php(49): CodeIgniter\Model->first()
#5 C:\Portable\xampp7\htdocs\riomekahwisata_ci\system\CodeIgniter.php(914): App\Controllers\Perusahaan->show('1')
#6 C:\Portable\xampp7\htdocs\riomekahwisata_ci\system\CodeIgniter.php(400): CodeIgniter\CodeIgniter->runController(Object(App\Controllers\Perusahaan))
#7 C:\Portable\xampp7\htdocs\riomekahwisata_ci\system\CodeIgniter.php(308): CodeIgniter\CodeIgniter->handleRequest(NULL, Object(Config\Cache), false)
#8 C:\Portable\xampp7\htdocs\riomekahwisata_ci\public\index.php(44): CodeIgniter\CodeIgniter->run()
#9 C:\Portable\xampp7\htdocs\riomekahwisata_ci\system\Commands\Server\rewrite.php(34): require_once('C:\\Portable\\xam...')
#10 {main}
CRITICAL - 2023-08-25 02:39:23 --> Table 'riomekahwisata.tbl_perusahaan' doesn't exist
#0 C:\Portable\xampp7\htdocs\riomekahwisata_ci\system\Database\MySQLi\Connection.php(331): mysqli->query('SELECT *\nFROM `...')
#1 C:\Portable\xampp7\htdocs\riomekahwisata_ci\system\Database\BaseConnection.php(738): CodeIgniter\Database\MySQLi\Connection->execute('SELECT *\nFROM `...')
#2 C:\Portable\xampp7\htdocs\riomekahwisata_ci\system\Database\BaseConnection.php(666): CodeIgniter\Database\BaseConnection->simpleQuery('SELECT *\nFROM `...')
#3 C:\Portable\xampp7\htdocs\riomekahwisata_ci\system\Database\BaseBuilder.php(1845): CodeIgniter\Database\BaseConnection->query('SELECT *\nFROM `...', Array, false)
#4 C:\Portable\xampp7\htdocs\riomekahwisata_ci\system\Model.php(489): CodeIgniter\Database\BaseBuilder->get()
#5 C:\Portable\xampp7\htdocs\riomekahwisata_ci\app\Controllers\Perusahaan.php(49): CodeIgniter\Model->first()
#6 C:\Portable\xampp7\htdocs\riomekahwisata_ci\system\CodeIgniter.php(914): App\Controllers\Perusahaan->show('1')
#7 C:\Portable\xampp7\htdocs\riomekahwisata_ci\system\CodeIgniter.php(400): CodeIgniter\CodeIgniter->runController(Object(App\Controllers\Perusahaan))
#8 C:\Portable\xampp7\htdocs\riomekahwisata_ci\system\CodeIgniter.php(308): CodeIgniter\CodeIgniter->handleRequest(NULL, Object(Config\Cache), false)
#9 C:\Portable\xampp7\htdocs\riomekahwisata_ci\public\index.php(44): CodeIgniter\CodeIgniter->run()
#10 C:\Portable\xampp7\htdocs\riomekahwisata_ci\system\Commands\Server\rewrite.php(34): require_once('C:\\Portable\\xam...')
#11 {main}
CRITICAL - 2023-08-25 02:39:29 --> Table 'riomekahwisata.tbl_users' doesn't exist
#0 C:\Portable\xampp7\htdocs\riomekahwisata_ci\system\Database\MySQLi\Connection.php(331): mysqli->query('SELECT *\nFROM `...')
#1 C:\Portable\xampp7\htdocs\riomekahwisata_ci\system\Database\BaseConnection.php(738): CodeIgniter\Database\MySQLi\Connection->execute('SELECT *\nFROM `...')
#2 C:\Portable\xampp7\htdocs\riomekahwisata_ci\system\Database\BaseConnection.php(666): CodeIgniter\Database\BaseConnection->simpleQuery('SELECT *\nFROM `...')
#3 C:\Portable\xampp7\htdocs\riomekahwisata_ci\system\Database\BaseBuilder.php(1845): CodeIgniter\Database\BaseConnection->query('SELECT *\nFROM `...', Array, false)
#4 C:\Portable\xampp7\htdocs\riomekahwisata_ci\system\Model.php(489): CodeIgniter\Database\BaseBuilder->get()
#5 C:\Portable\xampp7\htdocs\riomekahwisata_ci\app\Controllers\AuthController.php(34): CodeIgniter\Model->first()
#6 C:\Portable\xampp7\htdocs\riomekahwisata_ci\system\CodeIgniter.php(914): App\Controllers\AuthController->login()
#7 C:\Portable\xampp7\htdocs\riomekahwisata_ci\system\CodeIgniter.php(400): CodeIgniter\CodeIgniter->runController(Object(App\Controllers\AuthController))
#8 C:\Portable\xampp7\htdocs\riomekahwisata_ci\system\CodeIgniter.php(308): CodeIgniter\CodeIgniter->handleRequest(NULL, Object(Config\Cache), false)
#9 C:\Portable\xampp7\htdocs\riomekahwisata_ci\public\index.php(44): CodeIgniter\CodeIgniter->run()
#10 C:\Portable\xampp7\htdocs\riomekahwisata_ci\system\Commands\Server\rewrite.php(34): require_once('C:\\Portable\\xam...')
#11 {main}
CRITICAL - 2023-08-25 02:42:23 --> Table 'riomekahwisata.tbl_users' doesn't exist in engine
#0 C:\Portable\xampp7\htdocs\riomekahwisata_ci\system\Database\MySQLi\Connection.php(331): mysqli->query('SELECT *\nFROM `...')
#1 C:\Portable\xampp7\htdocs\riomekahwisata_ci\system\Database\BaseConnection.php(738): CodeIgniter\Database\MySQLi\Connection->execute('SELECT *\nFROM `...')
#2 C:\Portable\xampp7\htdocs\riomekahwisata_ci\system\Database\BaseConnection.php(666): CodeIgniter\Database\BaseConnection->simpleQuery('SELECT *\nFROM `...')
#3 C:\Portable\xampp7\htdocs\riomekahwisata_ci\system\Database\BaseBuilder.php(1845): CodeIgniter\Database\BaseConnection->query('SELECT *\nFROM `...', Array, false)
#4 C:\Portable\xampp7\htdocs\riomekahwisata_ci\system\Model.php(489): CodeIgniter\Database\BaseBuilder->get()
#5 C:\Portable\xampp7\htdocs\riomekahwisata_ci\app\Controllers\AuthController.php(34): CodeIgniter\Model->first()
#6 C:\Portable\xampp7\htdocs\riomekahwisata_ci\system\CodeIgniter.php(914): App\Controllers\AuthController->login()
#7 C:\Portable\xampp7\htdocs\riomekahwisata_ci\system\CodeIgniter.php(400): CodeIgniter\CodeIgniter->runController(Object(App\Controllers\AuthController))
#8 C:\Portable\xampp7\htdocs\riomekahwisata_ci\system\CodeIgniter.php(308): CodeIgniter\CodeIgniter->handleRequest(NULL, Object(Config\Cache), false)
#9 C:\Portable\xampp7\htdocs\riomekahwisata_ci\public\index.php(44): CodeIgniter\CodeIgniter->run()
#10 C:\Portable\xampp7\htdocs\riomekahwisata_ci\system\Commands\Server\rewrite.php(34): require_once('C:\\Portable\\xam...')
#11 {main}
CRITICAL - 2023-08-25 02:42:31 --> Table 'riomekahwisata.tbl_perusahaan' doesn't exist in engine
#0 C:\Portable\xampp7\htdocs\riomekahwisata_ci\system\Database\MySQLi\Connection.php(331): mysqli->query('SELECT *\nFROM `...')
#1 C:\Portable\xampp7\htdocs\riomekahwisata_ci\system\Database\BaseConnection.php(738): CodeIgniter\Database\MySQLi\Connection->execute('SELECT *\nFROM `...')
#2 C:\Portable\xampp7\htdocs\riomekahwisata_ci\system\Database\BaseConnection.php(666): CodeIgniter\Database\BaseConnection->simpleQuery('SELECT *\nFROM `...')
#3 C:\Portable\xampp7\htdocs\riomekahwisata_ci\system\Database\BaseBuilder.php(1845): CodeIgniter\Database\BaseConnection->query('SELECT *\nFROM `...', Array, false)
#4 C:\Portable\xampp7\htdocs\riomekahwisata_ci\system\Model.php(489): CodeIgniter\Database\BaseBuilder->get()
#5 C:\Portable\xampp7\htdocs\riomekahwisata_ci\app\Controllers\Perusahaan.php(49): CodeIgniter\Model->first()
#6 C:\Portable\xampp7\htdocs\riomekahwisata_ci\system\CodeIgniter.php(914): App\Controllers\Perusahaan->show('1')
#7 C:\Portable\xampp7\htdocs\riomekahwisata_ci\system\CodeIgniter.php(400): CodeIgniter\CodeIgniter->runController(Object(App\Controllers\Perusahaan))
#8 C:\Portable\xampp7\htdocs\riomekahwisata_ci\system\CodeIgniter.php(308): CodeIgniter\CodeIgniter->handleRequest(NULL, Object(Config\Cache), false)
#9 C:\Portable\xampp7\htdocs\riomekahwisata_ci\public\index.php(44): CodeIgniter\CodeIgniter->run()
#10 C:\Portable\xampp7\htdocs\riomekahwisata_ci\system\Commands\Server\rewrite.php(34): require_once('C:\\Portable\\xam...')
#11 {main}
CRITICAL - 2023-08-25 02:42:44 --> Table 'riomekahwisata.tbl_perusahaan' doesn't exist in engine
#0 C:\Portable\xampp7\htdocs\riomekahwisata_ci\system\Database\MySQLi\Connection.php(331): mysqli->query('SELECT *\nFROM `...')
#1 C:\Portable\xampp7\htdocs\riomekahwisata_ci\system\Database\BaseConnection.php(738): CodeIgniter\Database\MySQLi\Connection->execute('SELECT *\nFROM `...')
#2 C:\Portable\xampp7\htdocs\riomekahwisata_ci\system\Database\BaseConnection.php(666): CodeIgniter\Database\BaseConnection->simpleQuery('SELECT *\nFROM `...')
#3 C:\Portable\xampp7\htdocs\riomekahwisata_ci\system\Database\BaseBuilder.php(1845): CodeIgniter\Database\BaseConnection->query('SELECT *\nFROM `...', Array, false)
#4 C:\Portable\xampp7\htdocs\riomekahwisata_ci\system\Model.php(489): CodeIgniter\Database\BaseBuilder->get()
#5 C:\Portable\xampp7\htdocs\riomekahwisata_ci\app\Controllers\Perusahaan.php(49): CodeIgniter\Model->first()
#6 C:\Portable\xampp7\htdocs\riomekahwisata_ci\system\CodeIgniter.php(914): App\Controllers\Perusahaan->show('1')
#7 C:\Portable\xampp7\htdocs\riomekahwisata_ci\system\CodeIgniter.php(400): CodeIgniter\CodeIgniter->runController(Object(App\Controllers\Perusahaan))
#8 C:\Portable\xampp7\htdocs\riomekahwisata_ci\system\CodeIgniter.php(308): CodeIgniter\CodeIgniter->handleRequest(NULL, Object(Config\Cache), false)
#9 C:\Portable\xampp7\htdocs\riomekahwisata_ci\public\index.php(44): CodeIgniter\CodeIgniter->run()
#10 C:\Portable\xampp7\htdocs\riomekahwisata_ci\system\Commands\Server\rewrite.php(34): require_once('C:\\Portable\\xam...')
#11 {main}
CRITICAL - 2023-08-25 02:42:50 --> Table 'riomekahwisata.tbl_perusahaan' doesn't exist in engine
#0 C:\Portable\xampp7\htdocs\riomekahwisata_ci\system\Database\MySQLi\Connection.php(331): mysqli->query('SELECT *\nFROM `...')
#1 C:\Portable\xampp7\htdocs\riomekahwisata_ci\system\Database\BaseConnection.php(738): CodeIgniter\Database\MySQLi\Connection->execute('SELECT *\nFROM `...')
#2 C:\Portable\xampp7\htdocs\riomekahwisata_ci\system\Database\BaseConnection.php(666): CodeIgniter\Database\BaseConnection->simpleQuery('SELECT *\nFROM `...')
#3 C:\Portable\xampp7\htdocs\riomekahwisata_ci\system\Database\BaseBuilder.php(1845): CodeIgniter\Database\BaseConnection->query('SELECT *\nFROM `...', Array, false)
#4 C:\Portable\xampp7\htdocs\riomekahwisata_ci\system\Model.php(489): CodeIgniter\Database\BaseBuilder->get()
#5 C:\Portable\xampp7\htdocs\riomekahwisata_ci\app\Controllers\Perusahaan.php(49): CodeIgniter\Model->first()
#6 C:\Portable\xampp7\htdocs\riomekahwisata_ci\system\CodeIgniter.php(914): App\Controllers\Perusahaan->show('1')
#7 C:\Portable\xampp7\htdocs\riomekahwisata_ci\system\CodeIgniter.php(400): CodeIgniter\CodeIgniter->runController(Object(App\Controllers\Perusahaan))
#8 C:\Portable\xampp7\htdocs\riomekahwisata_ci\system\CodeIgniter.php(308): CodeIgniter\CodeIgniter->handleRequest(NULL, Object(Config\Cache), false)
#9 C:\Portable\xampp7\htdocs\riomekahwisata_ci\public\index.php(44): CodeIgniter\CodeIgniter->run()
#10 C:\Portable\xampp7\htdocs\riomekahwisata_ci\system\Commands\Server\rewrite.php(34): require_once('C:\\Portable\\xam...')
#11 {main}
CRITICAL - 2023-08-25 06:51:47 --> Call to a member function isValid() on null
#0 C:\Portable\xampp7\htdocs\riomekahwisata_ci\system\CodeIgniter.php(914): App\Controllers\ApiJamaah->create()
#1 C:\Portable\xampp7\htdocs\riomekahwisata_ci\system\CodeIgniter.php(400): CodeIgniter\CodeIgniter->runController(Object(App\Controllers\ApiJamaah))
#2 C:\Portable\xampp7\htdocs\riomekahwisata_ci\system\CodeIgniter.php(308): CodeIgniter\CodeIgniter->handleRequest(NULL, Object(Config\Cache), false)
#3 C:\Portable\xampp7\htdocs\riomekahwisata_ci\public\index.php(44): CodeIgniter\CodeIgniter->run()
#4 C:\Portable\xampp7\htdocs\riomekahwisata_ci\system\Commands\Server\rewrite.php(34): require_once('C:\\Portable\\xam...')
#5 {main}
CRITICAL - 2023-08-25 06:52:40 --> Call to a member function isValid() on null
#0 C:\Portable\xampp7\htdocs\riomekahwisata_ci\system\CodeIgniter.php(914): App\Controllers\ApiJamaah->create()
#1 C:\Portable\xampp7\htdocs\riomekahwisata_ci\system\CodeIgniter.php(400): CodeIgniter\CodeIgniter->runController(Object(App\Controllers\ApiJamaah))
#2 C:\Portable\xampp7\htdocs\riomekahwisata_ci\system\CodeIgniter.php(308): CodeIgniter\CodeIgniter->handleRequest(NULL, Object(Config\Cache), false)
#3 C:\Portable\xampp7\htdocs\riomekahwisata_ci\public\index.php(44): CodeIgniter\CodeIgniter->run()
#4 C:\Portable\xampp7\htdocs\riomekahwisata_ci\system\Commands\Server\rewrite.php(34): require_once('C:\\Portable\\xam...')
#5 {main}
CRITICAL - 2023-08-25 06:52:54 --> Call to a member function isValid() on null
#0 C:\Portable\xampp7\htdocs\riomekahwisata_ci\system\CodeIgniter.php(914): App\Controllers\ApiJamaah->create()
#1 C:\Portable\xampp7\htdocs\riomekahwisata_ci\system\CodeIgniter.php(400): CodeIgniter\CodeIgniter->runController(Object(App\Controllers\ApiJamaah))
#2 C:\Portable\xampp7\htdocs\riomekahwisata_ci\system\CodeIgniter.php(308): CodeIgniter\CodeIgniter->handleRequest(NULL, Object(Config\Cache), false)
#3 C:\Portable\xampp7\htdocs\riomekahwisata_ci\public\index.php(44): CodeIgniter\CodeIgniter->run()
#4 C:\Portable\xampp7\htdocs\riomekahwisata_ci\system\Commands\Server\rewrite.php(34): require_once('C:\\Portable\\xam...')
#5 {main}
CRITICAL - 2023-08-25 06:53:14 --> Call to a member function isValid() on null
#0 C:\Portable\xampp7\htdocs\riomekahwisata_ci\system\CodeIgniter.php(914): App\Controllers\ApiUsers->create()
#1 C:\Portable\xampp7\htdocs\riomekahwisata_ci\system\CodeIgniter.php(400): CodeIgniter\CodeIgniter->runController(Object(App\Controllers\ApiUsers))
#2 C:\Portable\xampp7\htdocs\riomekahwisata_ci\system\CodeIgniter.php(308): CodeIgniter\CodeIgniter->handleRequest(NULL, Object(Config\Cache), false)
#3 C:\Portable\xampp7\htdocs\riomekahwisata_ci\public\index.php(44): CodeIgniter\CodeIgniter->run()
#4 C:\Portable\xampp7\htdocs\riomekahwisata_ci\system\Commands\Server\rewrite.php(34): require_once('C:\\Portable\\xam...')
#5 {main}
CRITICAL - 2023-08-25 06:54:17 --> Call to a member function isValid() on null
#0 C:\Portable\xampp7\htdocs\riomekahwisata_ci\system\CodeIgniter.php(914): App\Controllers\ApiJamaah->create()
#1 C:\Portable\xampp7\htdocs\riomekahwisata_ci\system\CodeIgniter.php(400): CodeIgniter\CodeIgniter->runController(Object(App\Controllers\ApiJamaah))
#2 C:\Portable\xampp7\htdocs\riomekahwisata_ci\system\CodeIgniter.php(308): CodeIgniter\CodeIgniter->handleRequest(NULL, Object(Config\Cache), false)
#3 C:\Portable\xampp7\htdocs\riomekahwisata_ci\public\index.php(44): CodeIgniter\CodeIgniter->run()
#4 C:\Portable\xampp7\htdocs\riomekahwisata_ci\system\Commands\Server\rewrite.php(34): require_once('C:\\Portable\\xam...')
#5 {main}
CRITICAL - 2023-08-25 06:54:42 --> Call to a member function isValid() on null
#0 C:\Portable\xampp7\htdocs\riomekahwisata_ci\system\CodeIgniter.php(914): App\Controllers\ApiJamaah->create()
#1 C:\Portable\xampp7\htdocs\riomekahwisata_ci\system\CodeIgniter.php(400): CodeIgniter\CodeIgniter->runController(Object(App\Controllers\ApiJamaah))
#2 C:\Portable\xampp7\htdocs\riomekahwisata_ci\system\CodeIgniter.php(308): CodeIgniter\CodeIgniter->handleRequest(NULL, Object(Config\Cache), false)
#3 C:\Portable\xampp7\htdocs\riomekahwisata_ci\public\index.php(44): CodeIgniter\CodeIgniter->run()
#4 C:\Portable\xampp7\htdocs\riomekahwisata_ci\system\Commands\Server\rewrite.php(34): require_once('C:\\Portable\\xam...')
#5 {main}
CRITICAL - 2023-08-25 06:55:42 --> Call to a member function isValid() on null
#0 C:\Portable\xampp7\htdocs\riomekahwisata_ci\system\CodeIgniter.php(914): App\Controllers\ApiJamaah->create()
#1 C:\Portable\xampp7\htdocs\riomekahwisata_ci\system\CodeIgniter.php(400): CodeIgniter\CodeIgniter->runController(Object(App\Controllers\ApiJamaah))
#2 C:\Portable\xampp7\htdocs\riomekahwisata_ci\system\CodeIgniter.php(308): CodeIgniter\CodeIgniter->handleRequest(NULL, Object(Config\Cache), false)
#3 C:\Portable\xampp7\htdocs\riomekahwisata_ci\public\index.php(44): CodeIgniter\CodeIgniter->run()
#4 C:\Portable\xampp7\htdocs\riomekahwisata_ci\system\Commands\Server\rewrite.php(34): require_once('C:\\Portable\\xam...')
#5 {main}
CRITICAL - 2023-08-25 07:07:35 --> Call to a member function isValid() on null
#0 C:\Portable\xampp7\htdocs\riomekahwisata_ci\system\CodeIgniter.php(914): App\Controllers\ApiJamaah->create()
#1 C:\Portable\xampp7\htdocs\riomekahwisata_ci\system\CodeIgniter.php(400): CodeIgniter\CodeIgniter->runController(Object(App\Controllers\ApiJamaah))
#2 C:\Portable\xampp7\htdocs\riomekahwisata_ci\system\CodeIgniter.php(308): CodeIgniter\CodeIgniter->handleRequest(NULL, Object(Config\Cache), false)
#3 C:\Portable\xampp7\htdocs\riomekahwisata_ci\public\index.php(44): CodeIgniter\CodeIgniter->run()
#4 C:\Portable\xampp7\htdocs\riomekahwisata_ci\system\Commands\Server\rewrite.php(34): require_once('C:\\Portable\\xam...')
#5 {main}
CRITICAL - 2023-08-25 07:09:28 --> Call to a member function isValid() on null
#0 C:\Portable\xampp7\htdocs\riomekahwisata_ci\system\CodeIgniter.php(914): App\Controllers\ApiJamaah->create()
#1 C:\Portable\xampp7\htdocs\riomekahwisata_ci\system\CodeIgniter.php(400): CodeIgniter\CodeIgniter->runController(Object(App\Controllers\ApiJamaah))
#2 C:\Portable\xampp7\htdocs\riomekahwisata_ci\system\CodeIgniter.php(308): CodeIgniter\CodeIgniter->handleRequest(NULL, Object(Config\Cache), false)
#3 C:\Portable\xampp7\htdocs\riomekahwisata_ci\public\index.php(44): CodeIgniter\CodeIgniter->run()
#4 C:\Portable\xampp7\htdocs\riomekahwisata_ci\system\Commands\Server\rewrite.php(34): require_once('C:\\Portable\\xam...')
#5 {main}
CRITICAL - 2023-08-25 07:10:00 --> Call to a member function isValid() on null
#0 C:\Portable\xampp7\htdocs\riomekahwisata_ci\system\CodeIgniter.php(914): App\Controllers\ApiJamaah->create()
#1 C:\Portable\xampp7\htdocs\riomekahwisata_ci\system\CodeIgniter.php(400): CodeIgniter\CodeIgniter->runController(Object(App\Controllers\ApiJamaah))
#2 C:\Portable\xampp7\htdocs\riomekahwisata_ci\system\CodeIgniter.php(308): CodeIgniter\CodeIgniter->handleRequest(NULL, Object(Config\Cache), false)
#3 C:\Portable\xampp7\htdocs\riomekahwisata_ci\public\index.php(44): CodeIgniter\CodeIgniter->run()
#4 C:\Portable\xampp7\htdocs\riomekahwisata_ci\system\Commands\Server\rewrite.php(34): require_once('C:\\Portable\\xam...')
#5 {main}
CRITICAL - 2023-08-25 07:11:41 --> Call to a member function isValid() on null
#0 C:\Portable\xampp7\htdocs\riomekahwisata_ci\system\CodeIgniter.php(914): App\Controllers\ApiJamaah->create()
#1 C:\Portable\xampp7\htdocs\riomekahwisata_ci\system\CodeIgniter.php(400): CodeIgniter\CodeIgniter->runController(Object(App\Controllers\ApiJamaah))
#2 C:\Portable\xampp7\htdocs\riomekahwisata_ci\system\CodeIgniter.php(308): CodeIgniter\CodeIgniter->handleRequest(NULL, Object(Config\Cache), false)
#3 C:\Portable\xampp7\htdocs\riomekahwisata_ci\public\index.php(44): CodeIgniter\CodeIgniter->run()
#4 C:\Portable\xampp7\htdocs\riomekahwisata_ci\system\Commands\Server\rewrite.php(34): require_once('C:\\Portable\\xam...')
#5 {main}
