CRITICAL - 2023-08-22 00:17:09 --> Invalid file: navbar.php
#0 C:\Portable\xampp7\htdocs\riomekahwisata_ci\system\View\View.php(228): CodeIgniter\Exceptions\FrameworkException::forInvalidFile('navbar.php')
#1 C:\Portable\xampp7\htdocs\riomekahwisata_ci\system\View\View.php(525): CodeIgniter\View\View->render('navbar', NULL, true)
#2 C:\Portable\xampp7\htdocs\riomekahwisata_ci\app\Views\template\main_template.php(43): CodeIgniter\View\View->include('navbar')
#3 C:\Portable\xampp7\htdocs\riomekahwisata_ci\system\View\View.php(246): include('C:\\Portable\\xam...')
#4 C:\Portable\xampp7\htdocs\riomekahwisata_ci\system\Common.php(1087): CodeIgniter\View\View->render('template/main_t...', Array, true)
#5 C:\Portable\xampp7\htdocs\riomekahwisata_ci\app\Controllers\Dashboard.php(16): view('template/main_t...', Array)
#6 C:\Portable\xampp7\htdocs\riomekahwisata_ci\system\CodeIgniter.php(914): App\Controllers\Dashboard->index()
#7 C:\Portable\xampp7\htdocs\riomekahwisata_ci\system\CodeIgniter.php(400): CodeIgniter\CodeIgniter->runController(Object(App\Controllers\Dashboard))
#8 C:\Portable\xampp7\htdocs\riomekahwisata_ci\system\CodeIgniter.php(308): CodeIgniter\CodeIgniter->handleRequest(NULL, Object(Config\Cache), false)
#9 C:\Portable\xampp7\htdocs\riomekahwisata_ci\public\index.php(45): CodeIgniter\CodeIgniter->run()
#10 C:\Portable\xampp7\htdocs\riomekahwisata_ci\system\Commands\Server\rewrite.php(34): require_once('C:\\Portable\\xam...')
#11 {main}
CRITICAL - 2023-08-22 00:17:15 --> Invalid file: navbar.php
#0 C:\Portable\xampp7\htdocs\riomekahwisata_ci\system\View\View.php(228): CodeIgniter\Exceptions\FrameworkException::forInvalidFile('navbar.php')
#1 C:\Portable\xampp7\htdocs\riomekahwisata_ci\system\View\View.php(525): CodeIgniter\View\View->render('navbar', NULL, true)
#2 C:\Portable\xampp7\htdocs\riomekahwisata_ci\app\Views\template\main_template.php(43): CodeIgniter\View\View->include('navbar')
#3 C:\Portable\xampp7\htdocs\riomekahwisata_ci\system\View\View.php(246): include('C:\\Portable\\xam...')
#4 C:\Portable\xampp7\htdocs\riomekahwisata_ci\system\Common.php(1087): CodeIgniter\View\View->render('template/main_t...', Array, true)
#5 C:\Portable\xampp7\htdocs\riomekahwisata_ci\app\Controllers\Dashboard.php(16): view('template/main_t...', Array)
#6 C:\Portable\xampp7\htdocs\riomekahwisata_ci\system\CodeIgniter.php(914): App\Controllers\Dashboard->index()
#7 C:\Portable\xampp7\htdocs\riomekahwisata_ci\system\CodeIgniter.php(400): CodeIgniter\CodeIgniter->runController(Object(App\Controllers\Dashboard))
#8 C:\Portable\xampp7\htdocs\riomekahwisata_ci\system\CodeIgniter.php(308): CodeIgniter\CodeIgniter->handleRequest(NULL, Object(Config\Cache), false)
#9 C:\Portable\xampp7\htdocs\riomekahwisata_ci\public\index.php(45): CodeIgniter\CodeIgniter->run()
#10 C:\Portable\xampp7\htdocs\riomekahwisata_ci\system\Commands\Server\rewrite.php(34): require_once('C:\\Portable\\xam...')
#11 {main}
CRITICAL - 2023-08-22 00:18:17 --> Invalid file: navbar.php
#0 C:\Portable\xampp7\htdocs\riomekahwisata_ci\system\View\View.php(228): CodeIgniter\Exceptions\FrameworkException::forInvalidFile('navbar.php')
#1 C:\Portable\xampp7\htdocs\riomekahwisata_ci\system\View\View.php(525): CodeIgniter\View\View->render('navbar', NULL, true)
#2 C:\Portable\xampp7\htdocs\riomekahwisata_ci\app\Views\template\main_template.php(43): CodeIgniter\View\View->include('navbar')
#3 C:\Portable\xampp7\htdocs\riomekahwisata_ci\system\View\View.php(246): include('C:\\Portable\\xam...')
#4 C:\Portable\xampp7\htdocs\riomekahwisata_ci\system\Common.php(1087): CodeIgniter\View\View->render('template/main_t...', Array, true)
#5 C:\Portable\xampp7\htdocs\riomekahwisata_ci\app\Controllers\Dashboard.php(16): view('template/main_t...', Array)
#6 C:\Portable\xampp7\htdocs\riomekahwisata_ci\system\CodeIgniter.php(914): App\Controllers\Dashboard->index()
#7 C:\Portable\xampp7\htdocs\riomekahwisata_ci\system\CodeIgniter.php(400): CodeIgniter\CodeIgniter->runController(Object(App\Controllers\Dashboard))
#8 C:\Portable\xampp7\htdocs\riomekahwisata_ci\system\CodeIgniter.php(308): CodeIgniter\CodeIgniter->handleRequest(NULL, Object(Config\Cache), false)
#9 C:\Portable\xampp7\htdocs\riomekahwisata_ci\public\index.php(45): CodeIgniter\CodeIgniter->run()
#10 C:\Portable\xampp7\htdocs\riomekahwisata_ci\system\Commands\Server\rewrite.php(34): require_once('C:\\Portable\\xam...')
#11 {main}
CRITICAL - 2023-08-22 00:18:35 --> Invalid file: navbar.php
#0 C:\Portable\xampp7\htdocs\riomekahwisata_ci\system\View\View.php(228): CodeIgniter\Exceptions\FrameworkException::forInvalidFile('navbar.php')
#1 C:\Portable\xampp7\htdocs\riomekahwisata_ci\system\View\View.php(525): CodeIgniter\View\View->render('navbar', NULL, true)
#2 C:\Portable\xampp7\htdocs\riomekahwisata_ci\app\Views\template\main_template.php(43): CodeIgniter\View\View->include('navbar')
#3 C:\Portable\xampp7\htdocs\riomekahwisata_ci\system\View\View.php(246): include('C:\\Portable\\xam...')
#4 C:\Portable\xampp7\htdocs\riomekahwisata_ci\system\Common.php(1087): CodeIgniter\View\View->render('template/main_t...', Array, true)
#5 C:\Portable\xampp7\htdocs\riomekahwisata_ci\app\Controllers\Dashboard.php(16): view('template/main_t...', Array)
#6 C:\Portable\xampp7\htdocs\riomekahwisata_ci\system\CodeIgniter.php(914): App\Controllers\Dashboard->index()
#7 C:\Portable\xampp7\htdocs\riomekahwisata_ci\system\CodeIgniter.php(400): CodeIgniter\CodeIgniter->runController(Object(App\Controllers\Dashboard))
#8 C:\Portable\xampp7\htdocs\riomekahwisata_ci\system\CodeIgniter.php(308): CodeIgniter\CodeIgniter->handleRequest(NULL, Object(Config\Cache), false)
#9 C:\Portable\xampp7\htdocs\riomekahwisata_ci\public\index.php(45): CodeIgniter\CodeIgniter->run()
#10 C:\Portable\xampp7\htdocs\riomekahwisata_ci\system\Commands\Server\rewrite.php(34): require_once('C:\\Portable\\xam...')
#11 {main}
CRITICAL - 2023-08-22 00:18:55 --> Invalid file: navbar.php
#0 C:\Portable\xampp7\htdocs\riomekahwisata_ci\system\View\View.php(228): CodeIgniter\Exceptions\FrameworkException::forInvalidFile('navbar.php')
#1 C:\Portable\xampp7\htdocs\riomekahwisata_ci\system\View\View.php(525): CodeIgniter\View\View->render('navbar', NULL, true)
#2 C:\Portable\xampp7\htdocs\riomekahwisata_ci\app\Views\template\main_template.php(43): CodeIgniter\View\View->include('navbar')
#3 C:\Portable\xampp7\htdocs\riomekahwisata_ci\system\View\View.php(246): include('C:\\Portable\\xam...')
#4 C:\Portable\xampp7\htdocs\riomekahwisata_ci\system\Common.php(1087): CodeIgniter\View\View->render('template/main_t...', Array, true)
#5 C:\Portable\xampp7\htdocs\riomekahwisata_ci\app\Controllers\Dashboard.php(16): view('template/main_t...', Array)
#6 C:\Portable\xampp7\htdocs\riomekahwisata_ci\system\CodeIgniter.php(914): App\Controllers\Dashboard->index()
#7 C:\Portable\xampp7\htdocs\riomekahwisata_ci\system\CodeIgniter.php(400): CodeIgniter\CodeIgniter->runController(Object(App\Controllers\Dashboard))
#8 C:\Portable\xampp7\htdocs\riomekahwisata_ci\system\CodeIgniter.php(308): CodeIgniter\CodeIgniter->handleRequest(NULL, Object(Config\Cache), false)
#9 C:\Portable\xampp7\htdocs\riomekahwisata_ci\public\index.php(45): CodeIgniter\CodeIgniter->run()
#10 C:\Portable\xampp7\htdocs\riomekahwisata_ci\system\Commands\Server\rewrite.php(34): require_once('C:\\Portable\\xam...')
#11 {main}
CRITICAL - 2023-08-22 00:25:07 --> Call to undefined function link_tag()
#0 C:\Portable\xampp7\htdocs\riomekahwisata_ci\system\View\View.php(246): include()
#1 C:\Portable\xampp7\htdocs\riomekahwisata_ci\system\Common.php(1087): CodeIgniter\View\View->render('template/main_t...', Array, true)
#2 C:\Portable\xampp7\htdocs\riomekahwisata_ci\app\Controllers\Dashboard.php(16): view('template/main_t...', Array)
#3 C:\Portable\xampp7\htdocs\riomekahwisata_ci\system\CodeIgniter.php(914): App\Controllers\Dashboard->index()
#4 C:\Portable\xampp7\htdocs\riomekahwisata_ci\system\CodeIgniter.php(400): CodeIgniter\CodeIgniter->runController(Object(App\Controllers\Dashboard))
#5 C:\Portable\xampp7\htdocs\riomekahwisata_ci\system\CodeIgniter.php(308): CodeIgniter\CodeIgniter->handleRequest(NULL, Object(Config\Cache), false)
#6 C:\Portable\xampp7\htdocs\riomekahwisata_ci\public\index.php(45): CodeIgniter\CodeIgniter->run()
#7 C:\Portable\xampp7\htdocs\riomekahwisata_ci\system\Commands\Server\rewrite.php(34): require_once('C:\\Portable\\xam...')
#8 {main}
CRITICAL - 2023-08-22 00:26:40 --> Call to undefined function link_tag()
#0 C:\Portable\xampp7\htdocs\riomekahwisata_ci\system\View\View.php(246): include()
#1 C:\Portable\xampp7\htdocs\riomekahwisata_ci\system\Common.php(1087): CodeIgniter\View\View->render('template/main_t...', Array, true)
#2 C:\Portable\xampp7\htdocs\riomekahwisata_ci\app\Controllers\Dashboard.php(16): view('template/main_t...', Array)
#3 C:\Portable\xampp7\htdocs\riomekahwisata_ci\system\CodeIgniter.php(914): App\Controllers\Dashboard->index()
#4 C:\Portable\xampp7\htdocs\riomekahwisata_ci\system\CodeIgniter.php(400): CodeIgniter\CodeIgniter->runController(Object(App\Controllers\Dashboard))
#5 C:\Portable\xampp7\htdocs\riomekahwisata_ci\system\CodeIgniter.php(308): CodeIgniter\CodeIgniter->handleRequest(NULL, Object(Config\Cache), false)
#6 C:\Portable\xampp7\htdocs\riomekahwisata_ci\public\index.php(45): CodeIgniter\CodeIgniter->run()
#7 C:\Portable\xampp7\htdocs\riomekahwisata_ci\system\Commands\Server\rewrite.php(34): require_once('C:\\Portable\\xam...')
#8 {main}
CRITICAL - 2023-08-22 00:26:41 --> Call to undefined function link_tag()
#0 C:\Portable\xampp7\htdocs\riomekahwisata_ci\system\View\View.php(246): include()
#1 C:\Portable\xampp7\htdocs\riomekahwisata_ci\system\Common.php(1087): CodeIgniter\View\View->render('template/main_t...', Array, true)
#2 C:\Portable\xampp7\htdocs\riomekahwisata_ci\app\Controllers\Dashboard.php(16): view('template/main_t...', Array)
#3 C:\Portable\xampp7\htdocs\riomekahwisata_ci\system\CodeIgniter.php(914): App\Controllers\Dashboard->index()
#4 C:\Portable\xampp7\htdocs\riomekahwisata_ci\system\CodeIgniter.php(400): CodeIgniter\CodeIgniter->runController(Object(App\Controllers\Dashboard))
#5 C:\Portable\xampp7\htdocs\riomekahwisata_ci\system\CodeIgniter.php(308): CodeIgniter\CodeIgniter->handleRequest(NULL, Object(Config\Cache), false)
#6 C:\Portable\xampp7\htdocs\riomekahwisata_ci\public\index.php(45): CodeIgniter\CodeIgniter->run()
#7 C:\Portable\xampp7\htdocs\riomekahwisata_ci\system\Commands\Server\rewrite.php(34): require_once('C:\\Portable\\xam...')
#8 {main}
CRITICAL - 2023-08-22 00:26:42 --> Call to undefined function link_tag()
#0 C:\Portable\xampp7\htdocs\riomekahwisata_ci\system\View\View.php(246): include()
#1 C:\Portable\xampp7\htdocs\riomekahwisata_ci\system\Common.php(1087): CodeIgniter\View\View->render('template/main_t...', Array, true)
#2 C:\Portable\xampp7\htdocs\riomekahwisata_ci\app\Controllers\Dashboard.php(16): view('template/main_t...', Array)
#3 C:\Portable\xampp7\htdocs\riomekahwisata_ci\system\CodeIgniter.php(914): App\Controllers\Dashboard->index()
#4 C:\Portable\xampp7\htdocs\riomekahwisata_ci\system\CodeIgniter.php(400): CodeIgniter\CodeIgniter->runController(Object(App\Controllers\Dashboard))
#5 C:\Portable\xampp7\htdocs\riomekahwisata_ci\system\CodeIgniter.php(308): CodeIgniter\CodeIgniter->handleRequest(NULL, Object(Config\Cache), false)
#6 C:\Portable\xampp7\htdocs\riomekahwisata_ci\public\index.php(45): CodeIgniter\CodeIgniter->run()
#7 C:\Portable\xampp7\htdocs\riomekahwisata_ci\system\Commands\Server\rewrite.php(34): require_once('C:\\Portable\\xam...')
#8 {main}
CRITICAL - 2023-08-22 00:26:42 --> Call to undefined function link_tag()
#0 C:\Portable\xampp7\htdocs\riomekahwisata_ci\system\View\View.php(246): include()
#1 C:\Portable\xampp7\htdocs\riomekahwisata_ci\system\Common.php(1087): CodeIgniter\View\View->render('template/main_t...', Array, true)
#2 C:\Portable\xampp7\htdocs\riomekahwisata_ci\app\Controllers\Dashboard.php(16): view('template/main_t...', Array)
#3 C:\Portable\xampp7\htdocs\riomekahwisata_ci\system\CodeIgniter.php(914): App\Controllers\Dashboard->index()
#4 C:\Portable\xampp7\htdocs\riomekahwisata_ci\system\CodeIgniter.php(400): CodeIgniter\CodeIgniter->runController(Object(App\Controllers\Dashboard))
#5 C:\Portable\xampp7\htdocs\riomekahwisata_ci\system\CodeIgniter.php(308): CodeIgniter\CodeIgniter->handleRequest(NULL, Object(Config\Cache), false)
#6 C:\Portable\xampp7\htdocs\riomekahwisata_ci\public\index.php(45): CodeIgniter\CodeIgniter->run()
#7 C:\Portable\xampp7\htdocs\riomekahwisata_ci\system\Commands\Server\rewrite.php(34): require_once('C:\\Portable\\xam...')
#8 {main}
CRITICAL - 2023-08-22 00:26:51 --> Call to undefined function link_tag()
#0 C:\Portable\xampp7\htdocs\riomekahwisata_ci\system\View\View.php(246): include()
#1 C:\Portable\xampp7\htdocs\riomekahwisata_ci\system\Common.php(1087): CodeIgniter\View\View->render('template/main_t...', Array, true)
#2 C:\Portable\xampp7\htdocs\riomekahwisata_ci\app\Controllers\Dashboard.php(16): view('template/main_t...', Array)
#3 C:\Portable\xampp7\htdocs\riomekahwisata_ci\system\CodeIgniter.php(914): App\Controllers\Dashboard->index()
#4 C:\Portable\xampp7\htdocs\riomekahwisata_ci\system\CodeIgniter.php(400): CodeIgniter\CodeIgniter->runController(Object(App\Controllers\Dashboard))
#5 C:\Portable\xampp7\htdocs\riomekahwisata_ci\system\CodeIgniter.php(308): CodeIgniter\CodeIgniter->handleRequest(NULL, Object(Config\Cache), false)
#6 C:\Portable\xampp7\htdocs\riomekahwisata_ci\public\index.php(45): CodeIgniter\CodeIgniter->run()
#7 C:\Portable\xampp7\htdocs\riomekahwisata_ci\system\Commands\Server\rewrite.php(34): require_once('C:\\Portable\\xam...')
#8 {main}
CRITICAL - 2023-08-22 00:26:52 --> Call to undefined function link_tag()
#0 C:\Portable\xampp7\htdocs\riomekahwisata_ci\system\View\View.php(246): include()
#1 C:\Portable\xampp7\htdocs\riomekahwisata_ci\system\Common.php(1087): CodeIgniter\View\View->render('template/main_t...', Array, true)
#2 C:\Portable\xampp7\htdocs\riomekahwisata_ci\app\Controllers\Dashboard.php(16): view('template/main_t...', Array)
#3 C:\Portable\xampp7\htdocs\riomekahwisata_ci\system\CodeIgniter.php(914): App\Controllers\Dashboard->index()
#4 C:\Portable\xampp7\htdocs\riomekahwisata_ci\system\CodeIgniter.php(400): CodeIgniter\CodeIgniter->runController(Object(App\Controllers\Dashboard))
#5 C:\Portable\xampp7\htdocs\riomekahwisata_ci\system\CodeIgniter.php(308): CodeIgniter\CodeIgniter->handleRequest(NULL, Object(Config\Cache), false)
#6 C:\Portable\xampp7\htdocs\riomekahwisata_ci\public\index.php(45): CodeIgniter\CodeIgniter->run()
#7 C:\Portable\xampp7\htdocs\riomekahwisata_ci\system\Commands\Server\rewrite.php(34): require_once('C:\\Portable\\xam...')
#8 {main}
CRITICAL - 2023-08-22 00:26:53 --> Call to undefined function link_tag()
#0 C:\Portable\xampp7\htdocs\riomekahwisata_ci\system\View\View.php(246): include()
#1 C:\Portable\xampp7\htdocs\riomekahwisata_ci\system\Common.php(1087): CodeIgniter\View\View->render('template/main_t...', Array, true)
#2 C:\Portable\xampp7\htdocs\riomekahwisata_ci\app\Controllers\Dashboard.php(16): view('template/main_t...', Array)
#3 C:\Portable\xampp7\htdocs\riomekahwisata_ci\system\CodeIgniter.php(914): App\Controllers\Dashboard->index()
#4 C:\Portable\xampp7\htdocs\riomekahwisata_ci\system\CodeIgniter.php(400): CodeIgniter\CodeIgniter->runController(Object(App\Controllers\Dashboard))
#5 C:\Portable\xampp7\htdocs\riomekahwisata_ci\system\CodeIgniter.php(308): CodeIgniter\CodeIgniter->handleRequest(NULL, Object(Config\Cache), false)
#6 C:\Portable\xampp7\htdocs\riomekahwisata_ci\public\index.php(45): CodeIgniter\CodeIgniter->run()
#7 C:\Portable\xampp7\htdocs\riomekahwisata_ci\system\Commands\Server\rewrite.php(34): require_once('C:\\Portable\\xam...')
#8 {main}
CRITICAL - 2023-08-22 00:26:53 --> Call to undefined function link_tag()
#0 C:\Portable\xampp7\htdocs\riomekahwisata_ci\system\View\View.php(246): include()
#1 C:\Portable\xampp7\htdocs\riomekahwisata_ci\system\Common.php(1087): CodeIgniter\View\View->render('template/main_t...', Array, true)
#2 C:\Portable\xampp7\htdocs\riomekahwisata_ci\app\Controllers\Dashboard.php(16): view('template/main_t...', Array)
#3 C:\Portable\xampp7\htdocs\riomekahwisata_ci\system\CodeIgniter.php(914): App\Controllers\Dashboard->index()
#4 C:\Portable\xampp7\htdocs\riomekahwisata_ci\system\CodeIgniter.php(400): CodeIgniter\CodeIgniter->runController(Object(App\Controllers\Dashboard))
#5 C:\Portable\xampp7\htdocs\riomekahwisata_ci\system\CodeIgniter.php(308): CodeIgniter\CodeIgniter->handleRequest(NULL, Object(Config\Cache), false)
#6 C:\Portable\xampp7\htdocs\riomekahwisata_ci\public\index.php(45): CodeIgniter\CodeIgniter->run()
#7 C:\Portable\xampp7\htdocs\riomekahwisata_ci\system\Commands\Server\rewrite.php(34): require_once('C:\\Portable\\xam...')
#8 {main}
CRITICAL - 2023-08-22 00:28:30 --> Invalid file: navbar.php
#0 C:\Portable\xampp7\htdocs\riomekahwisata_ci\system\View\View.php(228): CodeIgniter\Exceptions\FrameworkException::forInvalidFile('navbar.php')
#1 C:\Portable\xampp7\htdocs\riomekahwisata_ci\system\View\View.php(525): CodeIgniter\View\View->render('navbar', NULL, true)
#2 C:\Portable\xampp7\htdocs\riomekahwisata_ci\app\Views\template\main_template.php(43): CodeIgniter\View\View->include('navbar')
#3 C:\Portable\xampp7\htdocs\riomekahwisata_ci\system\View\View.php(246): include('C:\\Portable\\xam...')
#4 C:\Portable\xampp7\htdocs\riomekahwisata_ci\system\Common.php(1087): CodeIgniter\View\View->render('template/main_t...', Array, true)
#5 C:\Portable\xampp7\htdocs\riomekahwisata_ci\app\Controllers\Dashboard.php(16): view('template/main_t...', Array)
#6 C:\Portable\xampp7\htdocs\riomekahwisata_ci\system\CodeIgniter.php(914): App\Controllers\Dashboard->index()
#7 C:\Portable\xampp7\htdocs\riomekahwisata_ci\system\CodeIgniter.php(400): CodeIgniter\CodeIgniter->runController(Object(App\Controllers\Dashboard))
#8 C:\Portable\xampp7\htdocs\riomekahwisata_ci\system\CodeIgniter.php(308): CodeIgniter\CodeIgniter->handleRequest(NULL, Object(Config\Cache), false)
#9 C:\Portable\xampp7\htdocs\riomekahwisata_ci\public\index.php(45): CodeIgniter\CodeIgniter->run()
#10 C:\Portable\xampp7\htdocs\riomekahwisata_ci\system\Commands\Server\rewrite.php(34): require_once('C:\\Portable\\xam...')
#11 {main}
CRITICAL - 2023-08-22 00:28:34 --> Invalid file: navbar.php
#0 C:\Portable\xampp7\htdocs\riomekahwisata_ci\system\View\View.php(228): CodeIgniter\Exceptions\FrameworkException::forInvalidFile('navbar.php')
#1 C:\Portable\xampp7\htdocs\riomekahwisata_ci\system\View\View.php(525): CodeIgniter\View\View->render('navbar', NULL, true)
#2 C:\Portable\xampp7\htdocs\riomekahwisata_ci\app\Views\template\main_template.php(43): CodeIgniter\View\View->include('navbar')
#3 C:\Portable\xampp7\htdocs\riomekahwisata_ci\system\View\View.php(246): include('C:\\Portable\\xam...')
#4 C:\Portable\xampp7\htdocs\riomekahwisata_ci\system\Common.php(1087): CodeIgniter\View\View->render('template/main_t...', Array, true)
#5 C:\Portable\xampp7\htdocs\riomekahwisata_ci\app\Controllers\Dashboard.php(16): view('template/main_t...', Array)
#6 C:\Portable\xampp7\htdocs\riomekahwisata_ci\system\CodeIgniter.php(914): App\Controllers\Dashboard->index()
#7 C:\Portable\xampp7\htdocs\riomekahwisata_ci\system\CodeIgniter.php(400): CodeIgniter\CodeIgniter->runController(Object(App\Controllers\Dashboard))
#8 C:\Portable\xampp7\htdocs\riomekahwisata_ci\system\CodeIgniter.php(308): CodeIgniter\CodeIgniter->handleRequest(NULL, Object(Config\Cache), false)
#9 C:\Portable\xampp7\htdocs\riomekahwisata_ci\public\index.php(45): CodeIgniter\CodeIgniter->run()
#10 C:\Portable\xampp7\htdocs\riomekahwisata_ci\system\Commands\Server\rewrite.php(34): require_once('C:\\Portable\\xam...')
#11 {main}
CRITICAL - 2023-08-22 00:29:52 --> Invalid file: sidebar.php
#0 C:\Portable\xampp7\htdocs\riomekahwisata_ci\system\View\View.php(228): CodeIgniter\Exceptions\FrameworkException::forInvalidFile('sidebar.php')
#1 C:\Portable\xampp7\htdocs\riomekahwisata_ci\system\View\View.php(525): CodeIgniter\View\View->render('sidebar', NULL, true)
#2 C:\Portable\xampp7\htdocs\riomekahwisata_ci\app\Views\template\main_template3.php(260): CodeIgniter\View\View->include('sidebar')
#3 C:\Portable\xampp7\htdocs\riomekahwisata_ci\system\View\View.php(246): include('C:\\Portable\\xam...')
#4 C:\Portable\xampp7\htdocs\riomekahwisata_ci\system\Common.php(1087): CodeIgniter\View\View->render('template/main_t...', Array, true)
#5 C:\Portable\xampp7\htdocs\riomekahwisata_ci\app\Controllers\Dashboard.php(16): view('template/main_t...', Array)
#6 C:\Portable\xampp7\htdocs\riomekahwisata_ci\system\CodeIgniter.php(914): App\Controllers\Dashboard->index()
#7 C:\Portable\xampp7\htdocs\riomekahwisata_ci\system\CodeIgniter.php(400): CodeIgniter\CodeIgniter->runController(Object(App\Controllers\Dashboard))
#8 C:\Portable\xampp7\htdocs\riomekahwisata_ci\system\CodeIgniter.php(308): CodeIgniter\CodeIgniter->handleRequest(NULL, Object(Config\Cache), false)
#9 C:\Portable\xampp7\htdocs\riomekahwisata_ci\public\index.php(45): CodeIgniter\CodeIgniter->run()
#10 C:\Portable\xampp7\htdocs\riomekahwisata_ci\system\Commands\Server\rewrite.php(34): require_once('C:\\Portable\\xam...')
#11 {main}
CRITICAL - 2023-08-22 00:30:09 --> Invalid file: sidebar.php
#0 C:\Portable\xampp7\htdocs\riomekahwisata_ci\system\View\View.php(228): CodeIgniter\Exceptions\FrameworkException::forInvalidFile('sidebar.php')
#1 C:\Portable\xampp7\htdocs\riomekahwisata_ci\system\View\View.php(525): CodeIgniter\View\View->render('sidebar', NULL, true)
#2 C:\Portable\xampp7\htdocs\riomekahwisata_ci\app\Views\template\main_template3.php(260): CodeIgniter\View\View->include('sidebar')
#3 C:\Portable\xampp7\htdocs\riomekahwisata_ci\system\View\View.php(246): include('C:\\Portable\\xam...')
#4 C:\Portable\xampp7\htdocs\riomekahwisata_ci\system\Common.php(1087): CodeIgniter\View\View->render('template/main_t...', Array, true)
#5 C:\Portable\xampp7\htdocs\riomekahwisata_ci\app\Controllers\Dashboard.php(16): view('template/main_t...', Array)
#6 C:\Portable\xampp7\htdocs\riomekahwisata_ci\system\CodeIgniter.php(914): App\Controllers\Dashboard->index()
#7 C:\Portable\xampp7\htdocs\riomekahwisata_ci\system\CodeIgniter.php(400): CodeIgniter\CodeIgniter->runController(Object(App\Controllers\Dashboard))
#8 C:\Portable\xampp7\htdocs\riomekahwisata_ci\system\CodeIgniter.php(308): CodeIgniter\CodeIgniter->handleRequest(NULL, Object(Config\Cache), false)
#9 C:\Portable\xampp7\htdocs\riomekahwisata_ci\public\index.php(45): CodeIgniter\CodeIgniter->run()
#10 C:\Portable\xampp7\htdocs\riomekahwisata_ci\system\Commands\Server\rewrite.php(34): require_once('C:\\Portable\\xam...')
#11 {main}
CRITICAL - 2023-08-22 00:32:56 --> Invalid file: sidebar.php
#0 C:\Portable\xampp7\htdocs\riomekahwisata_ci\system\View\View.php(228): CodeIgniter\Exceptions\FrameworkException::forInvalidFile('sidebar.php')
#1 C:\Portable\xampp7\htdocs\riomekahwisata_ci\system\View\View.php(257): CodeIgniter\View\View->render('sidebar', Array, true)
#2 C:\Portable\xampp7\htdocs\riomekahwisata_ci\system\Common.php(1087): CodeIgniter\View\View->render('template/main_t...', Array, true)
#3 C:\Portable\xampp7\htdocs\riomekahwisata_ci\app\Controllers\Dashboard.php(16): view('template/main_t...', Array)
#4 C:\Portable\xampp7\htdocs\riomekahwisata_ci\system\CodeIgniter.php(914): App\Controllers\Dashboard->index()
#5 C:\Portable\xampp7\htdocs\riomekahwisata_ci\system\CodeIgniter.php(400): CodeIgniter\CodeIgniter->runController(Object(App\Controllers\Dashboard))
#6 C:\Portable\xampp7\htdocs\riomekahwisata_ci\system\CodeIgniter.php(308): CodeIgniter\CodeIgniter->handleRequest(NULL, Object(Config\Cache), false)
#7 C:\Portable\xampp7\htdocs\riomekahwisata_ci\public\index.php(45): CodeIgniter\CodeIgniter->run()
#8 C:\Portable\xampp7\htdocs\riomekahwisata_ci\system\Commands\Server\rewrite.php(34): require_once('C:\\Portable\\xam...')
#9 {main}
CRITICAL - 2023-08-22 03:05:07 --> Array to string conversion
#0 C:\Portable\xampp7\htdocs\riomekahwisata_ci\app\Controllers\AuthController.php(30): CodeIgniter\Debug\Exceptions->errorHandler(8, 'Array to string...', 'C:\\Portable\\xam...', 30, Array)
#1 C:\Portable\xampp7\htdocs\riomekahwisata_ci\system\CodeIgniter.php(914): App\Controllers\AuthController->login()
#2 C:\Portable\xampp7\htdocs\riomekahwisata_ci\system\CodeIgniter.php(400): CodeIgniter\CodeIgniter->runController(Object(App\Controllers\AuthController))
#3 C:\Portable\xampp7\htdocs\riomekahwisata_ci\system\CodeIgniter.php(308): CodeIgniter\CodeIgniter->handleRequest(NULL, Object(Config\Cache), false)
#4 C:\Portable\xampp7\htdocs\riomekahwisata_ci\public\index.php(44): CodeIgniter\CodeIgniter->run()
#5 C:\Portable\xampp7\htdocs\riomekahwisata_ci\system\Commands\Server\rewrite.php(34): require_once('C:\\Portable\\xam...')
#6 {main}
CRITICAL - 2023-08-22 04:45:16 --> Undefined variable: config
#0 C:\Portable\xampp7\htdocs\riomekahwisata_ci\app\Controllers\Dashboard.php(6): CodeIgniter\Debug\Exceptions->errorHandler(8, 'Undefined varia...', 'C:\\Portable\\xam...', 6, Array)
#1 C:\Portable\xampp7\htdocs\riomekahwisata_ci\system\Autoloader\Autoloader.php(365): require_once('C:\\Portable\\xam...')
#2 C:\Portable\xampp7\htdocs\riomekahwisata_ci\system\Autoloader\Autoloader.php(296): CodeIgniter\Autoloader\Autoloader->requireFile('C:\\Portable\\xam...')
#3 C:\Portable\xampp7\htdocs\riomekahwisata_ci\system\Autoloader\Autoloader.php(258): CodeIgniter\Autoloader\Autoloader->loadInNamespace('App\\Controllers...')
#4 [internal function]: CodeIgniter\Autoloader\Autoloader->loadClass('App\\Controllers...')
#5 [internal function]: spl_autoload_call('App\\Controllers...')
#6 C:\Portable\xampp7\htdocs\riomekahwisata_ci\system\CodeIgniter.php(865): class_exists('\\App\\Controller...', true)
#7 C:\Portable\xampp7\htdocs\riomekahwisata_ci\system\CodeIgniter.php(390): CodeIgniter\CodeIgniter->startController()
#8 C:\Portable\xampp7\htdocs\riomekahwisata_ci\system\CodeIgniter.php(308): CodeIgniter\CodeIgniter->handleRequest(NULL, Object(Config\Cache), false)
#9 C:\Portable\xampp7\htdocs\riomekahwisata_ci\public\index.php(44): CodeIgniter\CodeIgniter->run()
#10 C:\Portable\xampp7\htdocs\riomekahwisata_ci\system\Commands\Server\rewrite.php(34): require_once('C:\\Portable\\xam...')
#11 {main}
CRITICAL - 2023-08-22 05:14:59 --> Undefined index: user_photo
#0 C:\Portable\xampp7\htdocs\riomekahwisata_ci\app\Views\template\navbar.php(13): CodeIgniter\Debug\Exceptions->errorHandler(8, 'Undefined index...', 'C:\\Portable\\xam...', 13, Array)
#1 C:\Portable\xampp7\htdocs\riomekahwisata_ci\system\View\View.php(246): include('C:\\Portable\\xam...')
#2 C:\Portable\xampp7\htdocs\riomekahwisata_ci\system\View\View.php(525): CodeIgniter\View\View->render('template/navbar', NULL, true)
#3 C:\Portable\xampp7\htdocs\riomekahwisata_ci\app\Views\template\main_template.php(42): CodeIgniter\View\View->include('template/navbar')
#4 C:\Portable\xampp7\htdocs\riomekahwisata_ci\system\View\View.php(246): include('C:\\Portable\\xam...')
#5 C:\Portable\xampp7\htdocs\riomekahwisata_ci\system\Common.php(1087): CodeIgniter\View\View->render('template/main_t...', Array, true)
#6 C:\Portable\xampp7\htdocs\riomekahwisata_ci\app\Controllers\Profile.php(15): view('template/main_t...', Array)
#7 C:\Portable\xampp7\htdocs\riomekahwisata_ci\system\CodeIgniter.php(914): App\Controllers\Profile->index()
#8 C:\Portable\xampp7\htdocs\riomekahwisata_ci\system\CodeIgniter.php(400): CodeIgniter\CodeIgniter->runController(Object(App\Controllers\Profile))
#9 C:\Portable\xampp7\htdocs\riomekahwisata_ci\system\CodeIgniter.php(308): CodeIgniter\CodeIgniter->handleRequest(NULL, Object(Config\Cache), false)
#10 C:\Portable\xampp7\htdocs\riomekahwisata_ci\public\index.php(44): CodeIgniter\CodeIgniter->run()
#11 C:\Portable\xampp7\htdocs\riomekahwisata_ci\system\Commands\Server\rewrite.php(34): require_once('C:\\Portable\\xam...')
#12 {main}
CRITICAL - 2023-08-22 05:15:29 --> Undefined index: user_photo
#0 C:\Portable\xampp7\htdocs\riomekahwisata_ci\app\Views\template\navbar.php(13): CodeIgniter\Debug\Exceptions->errorHandler(8, 'Undefined index...', 'C:\\Portable\\xam...', 13, Array)
#1 C:\Portable\xampp7\htdocs\riomekahwisata_ci\system\View\View.php(246): include('C:\\Portable\\xam...')
#2 C:\Portable\xampp7\htdocs\riomekahwisata_ci\system\View\View.php(525): CodeIgniter\View\View->render('template/navbar', NULL, true)
#3 C:\Portable\xampp7\htdocs\riomekahwisata_ci\app\Views\template\main_template.php(42): CodeIgniter\View\View->include('template/navbar')
#4 C:\Portable\xampp7\htdocs\riomekahwisata_ci\system\View\View.php(246): include('C:\\Portable\\xam...')
#5 C:\Portable\xampp7\htdocs\riomekahwisata_ci\system\Common.php(1087): CodeIgniter\View\View->render('template/main_t...', Array, true)
#6 C:\Portable\xampp7\htdocs\riomekahwisata_ci\app\Controllers\Dashboard.php(22): view('template/main_t...', Array)
#7 C:\Portable\xampp7\htdocs\riomekahwisata_ci\system\CodeIgniter.php(914): App\Controllers\Dashboard->index()
#8 C:\Portable\xampp7\htdocs\riomekahwisata_ci\system\CodeIgniter.php(400): CodeIgniter\CodeIgniter->runController(Object(App\Controllers\Dashboard))
#9 C:\Portable\xampp7\htdocs\riomekahwisata_ci\system\CodeIgniter.php(308): CodeIgniter\CodeIgniter->handleRequest(NULL, Object(Config\Cache), false)
#10 C:\Portable\xampp7\htdocs\riomekahwisata_ci\public\index.php(44): CodeIgniter\CodeIgniter->run()
#11 C:\Portable\xampp7\htdocs\riomekahwisata_ci\system\Commands\Server\rewrite.php(34): require_once('C:\\Portable\\xam...')
#12 {main}
CRITICAL - 2023-08-22 05:26:50 --> Undefined index: user_photo
#0 C:\Portable\xampp7\htdocs\riomekahwisata_ci\app\Views\template\navbar.php(13): CodeIgniter\Debug\Exceptions->errorHandler(8, 'Undefined index...', 'C:\\Portable\\xam...', 13, Array)
#1 C:\Portable\xampp7\htdocs\riomekahwisata_ci\system\View\View.php(246): include('C:\\Portable\\xam...')
#2 C:\Portable\xampp7\htdocs\riomekahwisata_ci\system\View\View.php(525): CodeIgniter\View\View->render('template/navbar', NULL, true)
#3 C:\Portable\xampp7\htdocs\riomekahwisata_ci\app\Views\template\main_template.php(42): CodeIgniter\View\View->include('template/navbar')
#4 C:\Portable\xampp7\htdocs\riomekahwisata_ci\system\View\View.php(246): include('C:\\Portable\\xam...')
#5 C:\Portable\xampp7\htdocs\riomekahwisata_ci\system\Common.php(1087): CodeIgniter\View\View->render('template/main_t...', Array, true)
#6 C:\Portable\xampp7\htdocs\riomekahwisata_ci\app\Controllers\Dashboard.php(17): view('template/main_t...', Array)
#7 C:\Portable\xampp7\htdocs\riomekahwisata_ci\system\CodeIgniter.php(914): App\Controllers\Dashboard->index()
#8 C:\Portable\xampp7\htdocs\riomekahwisata_ci\system\CodeIgniter.php(400): CodeIgniter\CodeIgniter->runController(Object(App\Controllers\Dashboard))
#9 C:\Portable\xampp7\htdocs\riomekahwisata_ci\system\CodeIgniter.php(308): CodeIgniter\CodeIgniter->handleRequest(NULL, Object(Config\Cache), false)
#10 C:\Portable\xampp7\htdocs\riomekahwisata_ci\public\index.php(44): CodeIgniter\CodeIgniter->run()
#11 C:\Portable\xampp7\htdocs\riomekahwisata_ci\system\Commands\Server\rewrite.php(34): require_once('C:\\Portable\\xam...')
#12 {main}
CRITICAL - 2023-08-22 05:27:17 --> Undefined index: user_photo
#0 C:\Portable\xampp7\htdocs\riomekahwisata_ci\app\Views\template\navbar.php(13): CodeIgniter\Debug\Exceptions->errorHandler(8, 'Undefined index...', 'C:\\Portable\\xam...', 13, Array)
#1 C:\Portable\xampp7\htdocs\riomekahwisata_ci\system\View\View.php(246): include('C:\\Portable\\xam...')
#2 C:\Portable\xampp7\htdocs\riomekahwisata_ci\system\View\View.php(525): CodeIgniter\View\View->render('template/navbar', NULL, true)
#3 C:\Portable\xampp7\htdocs\riomekahwisata_ci\app\Views\template\main_template.php(42): CodeIgniter\View\View->include('template/navbar')
#4 C:\Portable\xampp7\htdocs\riomekahwisata_ci\system\View\View.php(246): include('C:\\Portable\\xam...')
#5 C:\Portable\xampp7\htdocs\riomekahwisata_ci\system\Common.php(1087): CodeIgniter\View\View->render('template/main_t...', Array, true)
#6 C:\Portable\xampp7\htdocs\riomekahwisata_ci\app\Controllers\Dashboard.php(17): view('template/main_t...', Array)
#7 C:\Portable\xampp7\htdocs\riomekahwisata_ci\system\CodeIgniter.php(914): App\Controllers\Dashboard->index()
#8 C:\Portable\xampp7\htdocs\riomekahwisata_ci\system\CodeIgniter.php(400): CodeIgniter\CodeIgniter->runController(Object(App\Controllers\Dashboard))
#9 C:\Portable\xampp7\htdocs\riomekahwisata_ci\system\CodeIgniter.php(308): CodeIgniter\CodeIgniter->handleRequest(NULL, Object(Config\Cache), false)
#10 C:\Portable\xampp7\htdocs\riomekahwisata_ci\public\index.php(44): CodeIgniter\CodeIgniter->run()
#11 C:\Portable\xampp7\htdocs\riomekahwisata_ci\system\Commands\Server\rewrite.php(34): require_once('C:\\Portable\\xam...')
#12 {main}
CRITICAL - 2023-08-22 05:38:04 --> Undefined index: user_photo
#0 C:\Portable\xampp7\htdocs\riomekahwisata_ci\app\Views\template\navbar.php(13): CodeIgniter\Debug\Exceptions->errorHandler(8, 'Undefined index...', 'C:\\Portable\\xam...', 13, Array)
#1 C:\Portable\xampp7\htdocs\riomekahwisata_ci\system\View\View.php(246): include('C:\\Portable\\xam...')
#2 C:\Portable\xampp7\htdocs\riomekahwisata_ci\system\View\View.php(525): CodeIgniter\View\View->render('template/navbar', NULL, true)
#3 C:\Portable\xampp7\htdocs\riomekahwisata_ci\app\Views\template\main_template.php(42): CodeIgniter\View\View->include('template/navbar')
#4 C:\Portable\xampp7\htdocs\riomekahwisata_ci\system\View\View.php(246): include('C:\\Portable\\xam...')
#5 C:\Portable\xampp7\htdocs\riomekahwisata_ci\system\Common.php(1087): CodeIgniter\View\View->render('template/main_t...', Array, true)
#6 C:\Portable\xampp7\htdocs\riomekahwisata_ci\app\Controllers\Dashboard.php(17): view('template/main_t...', Array)
#7 C:\Portable\xampp7\htdocs\riomekahwisata_ci\system\CodeIgniter.php(914): App\Controllers\Dashboard->index()
#8 C:\Portable\xampp7\htdocs\riomekahwisata_ci\system\CodeIgniter.php(400): CodeIgniter\CodeIgniter->runController(Object(App\Controllers\Dashboard))
#9 C:\Portable\xampp7\htdocs\riomekahwisata_ci\system\CodeIgniter.php(308): CodeIgniter\CodeIgniter->handleRequest(NULL, Object(Config\Cache), false)
#10 C:\Portable\xampp7\htdocs\riomekahwisata_ci\public\index.php(44): CodeIgniter\CodeIgniter->run()
#11 C:\Portable\xampp7\htdocs\riomekahwisata_ci\system\Commands\Server\rewrite.php(34): require_once('C:\\Portable\\xam...')
#12 {main}
CRITICAL - 2023-08-22 06:25:57 --> Maximum execution time of 60 seconds exceeded
#0 [internal function]: CodeIgniter\Debug\Exceptions->shutdownHandler()
#1 {main}
CRITICAL - 2023-08-22 06:42:47 --> Maximum execution time of 60 seconds exceeded
#0 [internal function]: CodeIgniter\Debug\Exceptions->shutdownHandler()
#1 {main}
CRITICAL - 2023-08-22 06:56:22 --> Undefined variable: _SESSION
#0 C:\Portable\xampp7\htdocs\riomekahwisata_ci\app\Controllers\Dashboard.php(15): CodeIgniter\Debug\Exceptions->errorHandler(8, 'Undefined varia...', 'C:\\Portable\\xam...', 15, Array)
#1 C:\Portable\xampp7\htdocs\riomekahwisata_ci\system\CodeIgniter.php(886): App\Controllers\Dashboard->__construct()
#2 C:\Portable\xampp7\htdocs\riomekahwisata_ci\system\CodeIgniter.php(395): CodeIgniter\CodeIgniter->createController()
#3 C:\Portable\xampp7\htdocs\riomekahwisata_ci\system\CodeIgniter.php(308): CodeIgniter\CodeIgniter->handleRequest(NULL, Object(Config\Cache), false)
#4 C:\Portable\xampp7\htdocs\riomekahwisata_ci\public\index.php(44): CodeIgniter\CodeIgniter->run()
#5 C:\Portable\xampp7\htdocs\riomekahwisata_ci\system\Commands\Server\rewrite.php(34): require_once('C:\\Portable\\xam...')
#6 {main}
CRITICAL - 2023-08-22 06:56:35 --> Undefined variable: _SESSION
#0 C:\Portable\xampp7\htdocs\riomekahwisata_ci\app\Controllers\Dashboard.php(15): CodeIgniter\Debug\Exceptions->errorHandler(8, 'Undefined varia...', 'C:\\Portable\\xam...', 15, Array)
#1 C:\Portable\xampp7\htdocs\riomekahwisata_ci\system\CodeIgniter.php(886): App\Controllers\Dashboard->__construct()
#2 C:\Portable\xampp7\htdocs\riomekahwisata_ci\system\CodeIgniter.php(395): CodeIgniter\CodeIgniter->createController()
#3 C:\Portable\xampp7\htdocs\riomekahwisata_ci\system\CodeIgniter.php(308): CodeIgniter\CodeIgniter->handleRequest(NULL, Object(Config\Cache), false)
#4 C:\Portable\xampp7\htdocs\riomekahwisata_ci\public\index.php(44): CodeIgniter\CodeIgniter->run()
#5 C:\Portable\xampp7\htdocs\riomekahwisata_ci\system\Commands\Server\rewrite.php(34): require_once('C:\\Portable\\xam...')
#6 {main}
CRITICAL - 2023-08-22 06:56:47 --> Undefined index: logged_in
#0 C:\Portable\xampp7\htdocs\riomekahwisata_ci\app\Controllers\Dashboard.php(15): CodeIgniter\Debug\Exceptions->errorHandler(8, 'Undefined index...', 'C:\\Portable\\xam...', 15, Array)
#1 C:\Portable\xampp7\htdocs\riomekahwisata_ci\system\CodeIgniter.php(886): App\Controllers\Dashboard->__construct()
#2 C:\Portable\xampp7\htdocs\riomekahwisata_ci\system\CodeIgniter.php(395): CodeIgniter\CodeIgniter->createController()
#3 C:\Portable\xampp7\htdocs\riomekahwisata_ci\system\CodeIgniter.php(308): CodeIgniter\CodeIgniter->handleRequest(NULL, Object(Config\Cache), false)
#4 C:\Portable\xampp7\htdocs\riomekahwisata_ci\public\index.php(44): CodeIgniter\CodeIgniter->run()
#5 C:\Portable\xampp7\htdocs\riomekahwisata_ci\system\Commands\Server\rewrite.php(34): require_once('C:\\Portable\\xam...')
#6 {main}
CRITICAL - 2023-08-22 07:01:30 --> Maximum execution time of 60 seconds exceeded
#0 [internal function]: CodeIgniter\Debug\Exceptions->shutdownHandler()
#1 {main}
CRITICAL - 2023-08-22 07:03:14 --> Maximum execution time of 60 seconds exceeded
#0 [internal function]: CodeIgniter\Debug\Exceptions->shutdownHandler()
#1 {main}
CRITICAL - 2023-08-22 07:04:48 --> Maximum execution time of 60 seconds exceeded
#0 [internal function]: CodeIgniter\Debug\Exceptions->shutdownHandler()
#1 {main}
CRITICAL - 2023-08-22 07:08:35 --> Maximum execution time of 60 seconds exceeded
#0 [internal function]: CodeIgniter\Debug\Exceptions->shutdownHandler()
#1 {main}
CRITICAL - 2023-08-22 07:14:55 --> Maximum execution time of 60 seconds exceeded
#0 [internal function]: CodeIgniter\Debug\Exceptions->shutdownHandler()
#1 {main}
CRITICAL - 2023-08-22 07:24:34 --> Maximum execution time of 60 seconds exceeded
#0 [internal function]: CodeIgniter\Debug\Exceptions->shutdownHandler()
#1 {main}
CRITICAL - 2023-08-22 07:40:08 --> Undefined variable: url
#0 C:\Portable\xampp7\htdocs\riomekahwisata_ci\app\Views\page\page_profile.php(2): CodeIgniter\Debug\Exceptions->errorHandler(8, 'Undefined varia...', 'C:\\Portable\\xam...', 2, Array)
#1 C:\Portable\xampp7\htdocs\riomekahwisata_ci\system\View\View.php(246): include('C:\\Portable\\xam...')
#2 C:\Portable\xampp7\htdocs\riomekahwisata_ci\system\Common.php(1087): CodeIgniter\View\View->render('page/page_profi...', Array, true)
#3 C:\Portable\xampp7\htdocs\riomekahwisata_ci\app\Controllers\Profile.php(17): view('page/page_profi...')
#4 C:\Portable\xampp7\htdocs\riomekahwisata_ci\system\CodeIgniter.php(914): App\Controllers\Profile->index()
#5 C:\Portable\xampp7\htdocs\riomekahwisata_ci\system\CodeIgniter.php(400): CodeIgniter\CodeIgniter->runController(Object(App\Controllers\Profile))
#6 C:\Portable\xampp7\htdocs\riomekahwisata_ci\system\CodeIgniter.php(308): CodeIgniter\CodeIgniter->handleRequest(NULL, Object(Config\Cache), false)
#7 C:\Portable\xampp7\htdocs\riomekahwisata_ci\public\index.php(44): CodeIgniter\CodeIgniter->run()
#8 C:\Portable\xampp7\htdocs\riomekahwisata_ci\system\Commands\Server\rewrite.php(34): require_once('C:\\Portable\\xam...')
#9 {main}
CRITICAL - 2023-08-22 07:41:07 --> Undefined variable: title
#0 C:\Portable\xampp7\htdocs\riomekahwisata_ci\app\Views\page\page_profile.php(1): CodeIgniter\Debug\Exceptions->errorHandler(8, 'Undefined varia...', 'C:\\Portable\\xam...', 1, Array)
#1 C:\Portable\xampp7\htdocs\riomekahwisata_ci\system\View\View.php(246): include('C:\\Portable\\xam...')
#2 C:\Portable\xampp7\htdocs\riomekahwisata_ci\system\Common.php(1087): CodeIgniter\View\View->render('page/page_profi...', Array, true)
#3 C:\Portable\xampp7\htdocs\riomekahwisata_ci\app\Controllers\Profile.php(17): view('page/page_profi...')
#4 C:\Portable\xampp7\htdocs\riomekahwisata_ci\system\CodeIgniter.php(914): App\Controllers\Profile->index()
#5 C:\Portable\xampp7\htdocs\riomekahwisata_ci\system\CodeIgniter.php(400): CodeIgniter\CodeIgniter->runController(Object(App\Controllers\Profile))
#6 C:\Portable\xampp7\htdocs\riomekahwisata_ci\system\CodeIgniter.php(308): CodeIgniter\CodeIgniter->handleRequest(NULL, Object(Config\Cache), false)
#7 C:\Portable\xampp7\htdocs\riomekahwisata_ci\public\index.php(44): CodeIgniter\CodeIgniter->run()
#8 C:\Portable\xampp7\htdocs\riomekahwisata_ci\system\Commands\Server\rewrite.php(34): require_once('C:\\Portable\\xam...')
#9 {main}
